
*** Running vivado
    with args -log system_top_axi_protocol_convert_0_0.vds -m64 -product Vivado -mode batch -messageDb vivado.pb -notrace -source system_top_axi_protocol_convert_0_0.tcl


****** Vivado v2020.2 (64-bit)
  **** SW Build 3064766 on Wed Nov 18 09:12:47 MST 2020
  **** IP Build 3064653 on Wed Nov 18 14:17:31 MST 2020
    ** Copyright 1986-2020 Xilinx, Inc. All Rights Reserved.

source system_top_axi_protocol_convert_0_0.tcl -notrace
Command: synth_design -top system_top_axi_protocol_convert_0_0 -part xc7z020clg400-1 -mode out_of_context
Starting synth_design
Attempting to get a license for feature 'Synthesis' and/or device 'xc7z020'
INFO: [Common 17-349] Got license for feature 'Synthesis' and/or device 'xc7z020'
INFO: [Device 21-403] Loading part xc7z020clg400-1
INFO: [Synth 8-7079] Multithreading enabled for synth_design using a maximum of 4 processes.
INFO: [Synth 8-7078] Launching helper process for spawning children vivado processes
INFO: [Synth 8-7075] Helper process launched with PID 82687
---------------------------------------------------------------------------------
Starting RTL Elaboration : Time (s): cpu = 00:00:11 ; elapsed = 00:00:29 . Memory (MB): peak = 2526.879 ; gain = 0.000 ; free physical = 399028 ; free virtual = 487167
---------------------------------------------------------------------------------
INFO: [Synth 8-6157] synthesizing module 'system_top_axi_protocol_convert_0_0' [/home/chenxuhao/NutShell/fpga/board/pynq/build/cxh-pynq/cxh-pynq.gen/sources_1/bd/system_top/ip/system_top_axi_protocol_convert_0_0/synth/system_top_axi_protocol_convert_0_0.v:58]
INFO: [Synth 8-6157] synthesizing module 'axi_protocol_converter_v2_1_22_axi_protocol_converter' [/home/chenxuhao/NutShell/fpga/board/pynq/build/cxh-pynq/cxh-pynq.gen/sources_1/bd/system_top/ipshared/5cee/hdl/axi_protocol_converter_v2_1_vl_rfs.v:4808]
	Parameter C_FAMILY bound to: zynq - type: string 
	Parameter C_M_AXI_PROTOCOL bound to: 0 - type: integer 
	Parameter C_S_AXI_PROTOCOL bound to: 2 - type: integer 
	Parameter C_IGNORE_ID bound to: 1 - type: integer 
	Parameter C_AXI_ID_WIDTH bound to: 1 - type: integer 
	Parameter C_AXI_ADDR_WIDTH bound to: 32 - type: integer 
	Parameter C_AXI_DATA_WIDTH bound to: 64 - type: integer 
	Parameter C_AXI_SUPPORTS_WRITE bound to: 1 - type: integer 
	Parameter C_AXI_SUPPORTS_READ bound to: 1 - type: integer 
	Parameter C_AXI_SUPPORTS_USER_SIGNALS bound to: 0 - type: integer 
	Parameter C_AXI_AWUSER_WIDTH bound to: 1 - type: integer 
	Parameter C_AXI_ARUSER_WIDTH bound to: 1 - type: integer 
	Parameter C_AXI_WUSER_WIDTH bound to: 1 - type: integer 
	Parameter C_AXI_RUSER_WIDTH bound to: 1 - type: integer 
	Parameter C_AXI_BUSER_WIDTH bound to: 1 - type: integer 
	Parameter C_TRANSLATION_MODE bound to: 2 - type: integer 
	Parameter P_AXI4 bound to: 0 - type: integer 
	Parameter P_AXI3 bound to: 1 - type: integer 
	Parameter P_AXILITE bound to: 2 - type: integer 
	Parameter P_AXILITE_SIZE bound to: 3'b011 
	Parameter P_INCR bound to: 2'b01 
	Parameter P_DECERR bound to: 2'b11 
	Parameter P_SLVERR bound to: 2'b10 
	Parameter P_PROTECTION bound to: 1 - type: integer 
	Parameter P_CONVERSION bound to: 2 - type: integer 
INFO: [Synth 8-6155] done synthesizing module 'axi_protocol_converter_v2_1_22_axi_protocol_converter' (1#1) [/home/chenxuhao/NutShell/fpga/board/pynq/build/cxh-pynq/cxh-pynq.gen/sources_1/bd/system_top/ipshared/5cee/hdl/axi_protocol_converter_v2_1_vl_rfs.v:4808]
INFO: [Synth 8-6155] done synthesizing module 'system_top_axi_protocol_convert_0_0' (2#1) [/home/chenxuhao/NutShell/fpga/board/pynq/build/cxh-pynq/cxh-pynq.gen/sources_1/bd/system_top/ip/system_top_axi_protocol_convert_0_0/synth/system_top_axi_protocol_convert_0_0.v:58]
---------------------------------------------------------------------------------
Finished RTL Elaboration : Time (s): cpu = 00:00:18 ; elapsed = 00:00:53 . Memory (MB): peak = 2593.758 ; gain = 66.879 ; free physical = 404924 ; free virtual = 493080
---------------------------------------------------------------------------------
---------------------------------------------------------------------------------
Start Handling Custom Attributes
---------------------------------------------------------------------------------
---------------------------------------------------------------------------------
Finished Handling Custom Attributes : Time (s): cpu = 00:00:18 ; elapsed = 00:00:54 . Memory (MB): peak = 2608.598 ; gain = 81.719 ; free physical = 405050 ; free virtual = 493208
---------------------------------------------------------------------------------
---------------------------------------------------------------------------------
Finished RTL Optimization Phase 1 : Time (s): cpu = 00:00:18 ; elapsed = 00:00:54 . Memory (MB): peak = 2608.598 ; gain = 81.719 ; free physical = 405051 ; free virtual = 493208
---------------------------------------------------------------------------------
Netlist sorting complete. Time (s): cpu = 00:00:00.01 ; elapsed = 00:00:00 . Memory (MB): peak = 2608.598 ; gain = 0.000 ; free physical = 405030 ; free virtual = 493187
INFO: [Project 1-570] Preparing netlist for logic optimization

Processing XDC Constraints
Initializing timing engine
Parsing XDC File [/home/chenxuhao/NutShell/fpga/board/pynq/build/cxh-pynq/cxh-pynq.gen/sources_1/bd/system_top/ip/system_top_axi_protocol_convert_0_0/system_top_axi_protocol_convert_0_0_ooc.xdc] for cell 'inst'
Finished Parsing XDC File [/home/chenxuhao/NutShell/fpga/board/pynq/build/cxh-pynq/cxh-pynq.gen/sources_1/bd/system_top/ip/system_top_axi_protocol_convert_0_0/system_top_axi_protocol_convert_0_0_ooc.xdc] for cell 'inst'
Parsing XDC File [/home/chenxuhao/NutShell/fpga/board/pynq/build/cxh-pynq/cxh-pynq.runs/system_top_axi_protocol_convert_0_0_synth_1/dont_touch.xdc]
Finished Parsing XDC File [/home/chenxuhao/NutShell/fpga/board/pynq/build/cxh-pynq/cxh-pynq.runs/system_top_axi_protocol_convert_0_0_synth_1/dont_touch.xdc]
Completed Processing XDC Constraints

Netlist sorting complete. Time (s): cpu = 00:00:00 ; elapsed = 00:00:00 . Memory (MB): peak = 2672.629 ; gain = 0.000 ; free physical = 404775 ; free virtual = 492935
INFO: [Project 1-111] Unisim Transformation Summary:
No Unisim elements were transformed.

Constraint Validation Runtime : Time (s): cpu = 00:00:00.02 ; elapsed = 00:00:00.03 . Memory (MB): peak = 2672.629 ; gain = 0.000 ; free physical = 404735 ; free virtual = 492896
---------------------------------------------------------------------------------
Finished Constraint Validation : Time (s): cpu = 00:00:24 ; elapsed = 00:01:01 . Memory (MB): peak = 2672.629 ; gain = 145.750 ; free physical = 404952 ; free virtual = 493120
---------------------------------------------------------------------------------
---------------------------------------------------------------------------------
Start Loading Part and Timing Information
---------------------------------------------------------------------------------
Loading part: xc7z020clg400-1
---------------------------------------------------------------------------------
Finished Loading Part and Timing Information : Time (s): cpu = 00:00:24 ; elapsed = 00:01:01 . Memory (MB): peak = 2672.629 ; gain = 145.750 ; free physical = 404952 ; free virtual = 493120
---------------------------------------------------------------------------------
---------------------------------------------------------------------------------
Start Applying 'set_property' XDC Constraints
---------------------------------------------------------------------------------
Applied set_property KEEP_HIERARCHY = SOFT for inst. (constraint file  /home/chenxuhao/NutShell/fpga/board/pynq/build/cxh-pynq/cxh-pynq.runs/system_top_axi_protocol_convert_0_0_synth_1/dont_touch.xdc, line 9).
---------------------------------------------------------------------------------
Finished applying 'set_property' XDC Constraints : Time (s): cpu = 00:00:24 ; elapsed = 00:01:01 . Memory (MB): peak = 2672.629 ; gain = 145.750 ; free physical = 404955 ; free virtual = 493123
---------------------------------------------------------------------------------
---------------------------------------------------------------------------------
Finished RTL Optimization Phase 2 : Time (s): cpu = 00:00:24 ; elapsed = 00:01:01 . Memory (MB): peak = 2672.629 ; gain = 145.750 ; free physical = 404943 ; free virtual = 493113
---------------------------------------------------------------------------------
---------------------------------------------------------------------------------
Start RTL Component Statistics 
---------------------------------------------------------------------------------
Detailed RTL Component Info : 
---------------------------------------------------------------------------------
Finished RTL Component Statistics 
---------------------------------------------------------------------------------
---------------------------------------------------------------------------------
Start Part Resource Summary
---------------------------------------------------------------------------------
Part Resources:
DSPs: 220 (col length:60)
BRAMs: 280 (col length: RAMB18 60 RAMB36 30)
---------------------------------------------------------------------------------
Finished Part Resource Summary
---------------------------------------------------------------------------------
---------------------------------------------------------------------------------
Start Cross Boundary and Area Optimization
---------------------------------------------------------------------------------
---------------------------------------------------------------------------------
Finished Cross Boundary and Area Optimization : Time (s): cpu = 00:00:25 ; elapsed = 00:01:02 . Memory (MB): peak = 2672.629 ; gain = 145.750 ; free physical = 404986 ; free virtual = 493169
---------------------------------------------------------------------------------
---------------------------------------------------------------------------------
Start Applying XDC Timing Constraints
---------------------------------------------------------------------------------
---------------------------------------------------------------------------------
Finished Applying XDC Timing Constraints : Time (s): cpu = 00:00:32 ; elapsed = 00:01:09 . Memory (MB): peak = 2672.629 ; gain = 145.750 ; free physical = 404812 ; free virtual = 493036
---------------------------------------------------------------------------------
---------------------------------------------------------------------------------
Start Timing Optimization
---------------------------------------------------------------------------------
---------------------------------------------------------------------------------
Finished Timing Optimization : Time (s): cpu = 00:00:32 ; elapsed = 00:01:09 . Memory (MB): peak = 2672.629 ; gain = 145.750 ; free physical = 404811 ; free virtual = 493035
---------------------------------------------------------------------------------
---------------------------------------------------------------------------------
Start Technology Mapping
---------------------------------------------------------------------------------
---------------------------------------------------------------------------------
Finished Technology Mapping : Time (s): cpu = 00:00:32 ; elapsed = 00:01:09 . Memory (MB): peak = 2672.629 ; gain = 145.750 ; free physical = 404805 ; free virtual = 493029
---------------------------------------------------------------------------------
---------------------------------------------------------------------------------
Start IO Insertion
---------------------------------------------------------------------------------
---------------------------------------------------------------------------------
Start Flattening Before IO Insertion
---------------------------------------------------------------------------------
---------------------------------------------------------------------------------
Finished Flattening Before IO Insertion
---------------------------------------------------------------------------------
---------------------------------------------------------------------------------
Start Final Netlist Cleanup
---------------------------------------------------------------------------------
---------------------------------------------------------------------------------
Finished Final Netlist Cleanup
---------------------------------------------------------------------------------
---------------------------------------------------------------------------------
Finished IO Insertion : Time (s): cpu = 00:00:35 ; elapsed = 00:01:12 . Memory (MB): peak = 2672.629 ; gain = 145.750 ; free physical = 404583 ; free virtual = 492807
---------------------------------------------------------------------------------
---------------------------------------------------------------------------------
Start Renaming Generated Instances
---------------------------------------------------------------------------------
---------------------------------------------------------------------------------
Finished Renaming Generated Instances : Time (s): cpu = 00:00:35 ; elapsed = 00:01:12 . Memory (MB): peak = 2672.629 ; gain = 145.750 ; free physical = 404582 ; free virtual = 492806
---------------------------------------------------------------------------------
---------------------------------------------------------------------------------
Start Rebuilding User Hierarchy
---------------------------------------------------------------------------------
---------------------------------------------------------------------------------
Finished Rebuilding User Hierarchy : Time (s): cpu = 00:00:35 ; elapsed = 00:01:12 . Memory (MB): peak = 2672.629 ; gain = 145.750 ; free physical = 404580 ; free virtual = 492803
---------------------------------------------------------------------------------
---------------------------------------------------------------------------------
Start Renaming Generated Ports
---------------------------------------------------------------------------------
---------------------------------------------------------------------------------
Finished Renaming Generated Ports : Time (s): cpu = 00:00:35 ; elapsed = 00:01:12 . Memory (MB): peak = 2672.629 ; gain = 145.750 ; free physical = 404578 ; free virtual = 492802
---------------------------------------------------------------------------------
---------------------------------------------------------------------------------
Start Handling Custom Attributes
---------------------------------------------------------------------------------
---------------------------------------------------------------------------------
Finished Handling Custom Attributes : Time (s): cpu = 00:00:35 ; elapsed = 00:01:12 . Memory (MB): peak = 2672.629 ; gain = 145.750 ; free physical = 404578 ; free virtual = 492801
---------------------------------------------------------------------------------
---------------------------------------------------------------------------------
Start Renaming Generated Nets
---------------------------------------------------------------------------------
---------------------------------------------------------------------------------
Finished Renaming Generated Nets : Time (s): cpu = 00:00:35 ; elapsed = 00:01:12 . Memory (MB): peak = 2672.629 ; gain = 145.750 ; free physical = 404577 ; free virtual = 492801
---------------------------------------------------------------------------------
---------------------------------------------------------------------------------
Start Writing Synthesis Report
---------------------------------------------------------------------------------

Report BlackBoxes: 
+-+--------------+----------+
| |BlackBox name |Instances |
+-+--------------+----------+
+-+--------------+----------+

Report Cell Usage: 
+-+-----+------+
| |Cell |Count |
+-+-----+------+
+-+-----+------+
---------------------------------------------------------------------------------
Finished Writing Synthesis Report : Time (s): cpu = 00:00:35 ; elapsed = 00:01:12 . Memory (MB): peak = 2672.629 ; gain = 145.750 ; free physical = 404576 ; free virtual = 492800
---------------------------------------------------------------------------------
Synthesis finished with 0 errors, 0 critical warnings and 0 warnings.
Synthesis Optimization Runtime : Time (s): cpu = 00:00:33 ; elapsed = 00:01:09 . Memory (MB): peak = 2672.629 ; gain = 81.719 ; free physical = 404601 ; free virtual = 492824
Synthesis Optimization Complete : Time (s): cpu = 00:00:35 ; elapsed = 00:01:12 . Memory (MB): peak = 2672.629 ; gain = 145.750 ; free physical = 404600 ; free virtual = 492824
INFO: [Project 1-571] Translating synthesized netlist
Netlist sorting complete. Time (s): cpu = 00:00:00 ; elapsed = 00:00:00.01 . Memory (MB): peak = 2672.629 ; gain = 0.000 ; free physical = 404592 ; free virtual = 492815
INFO: [Project 1-570] Preparing netlist for logic optimization
INFO: [Opt 31-138] Pushed 0 inverter(s) to 0 load pin(s).
Netlist sorting complete. Time (s): cpu = 00:00:00 ; elapsed = 00:00:00 . Memory (MB): peak = 2672.629 ; gain = 0.000 ; free physical = 404481 ; free virtual = 492701
INFO: [Project 1-111] Unisim Transformation Summary:
No Unisim elements were transformed.

INFO: [Common 17-83] Releasing license: Synthesis
16 Infos, 0 Warnings, 0 Critical Warnings and 0 Errors encountered.
synth_design completed successfully
synth_design: Time (s): cpu = 00:00:46 ; elapsed = 00:01:18 . Memory (MB): peak = 2672.629 ; gain = 145.875 ; free physical = 404557 ; free virtual = 492777
INFO: [Common 17-1381] The checkpoint '/home/chenxuhao/NutShell/fpga/board/pynq/build/cxh-pynq/cxh-pynq.runs/system_top_axi_protocol_convert_0_0_synth_1/system_top_axi_protocol_convert_0_0.dcp' has been generated.
WARNING: [Common 17-576] 'use_project_ipc' is deprecated. This option is deprecated and no longer used.
INFO: [Coretcl 2-1648] Added synthesis output to IP cache for IP system_top_axi_protocol_convert_0_0, cache-ID = ee540a0c9c6cb1e8
INFO: [Common 17-1381] The checkpoint '/home/chenxuhao/NutShell/fpga/board/pynq/build/cxh-pynq/cxh-pynq.runs/system_top_axi_protocol_convert_0_0_synth_1/system_top_axi_protocol_convert_0_0.dcp' has been generated.
INFO: [runtcl-4] Executing : report_utilization -file system_top_axi_protocol_convert_0_0_utilization_synth.rpt -pb system_top_axi_protocol_convert_0_0_utilization_synth.pb
INFO: [Common 17-206] Exiting Vivado at Sun May 15 02:04:20 2022...
