Run subprocess with args: '/usr/lib/jvm/java-1.8.0-openjdk-1.8.0.322.b06-1.el7_9.x86_64/jre/bin/java' '-cp' '/home/chenxuhao/NutShell_U250_copy/src/main/resources:/home/chenxuhao/NutShell_U250_copy/out/chiselModule/compile.dest/classes:/home/chenxuhao/.cache/coursier/v1/https/repo1.maven.org/maven2/edu/berkeley/cs/chisel3_2.11/3.3.2/chisel3_2.11-3.3.2.jar:/home/chenxuhao/.cache/coursier/v1/https/repo1.maven.org/maven2/org/scala-lang/scala-library/2.11.12/scala-library-2.11.12.jar:/home/chenxuhao/.cache/coursier/v1/https/repo1.maven.org/maven2/edu/berkeley/cs/chisel3-macros_2.11/3.3.2/chisel3-macros_2.11-3.3.2.jar:/home/chenxuhao/.cache/coursier/v1/https/repo1.maven.org/maven2/edu/berkeley/cs/chisel3-core_2.11/3.3.2/chisel3-core_2.11-3.3.2.jar:/home/chenxuhao/.cache/coursier/v1/https/repo1.maven.org/maven2/org/scala-lang/scala-reflect/2.11.12/scala-reflect-2.11.12.jar:/home/chenxuhao/.cache/coursier/v1/https/repo1.maven.org/maven2/com/github/scopt/scopt_2.11/3.7.1/scopt_2.11-3.7.1.jar:/home/chenxuhao/.cache/coursier/v1/https/repo1.maven.org/maven2/edu/berkeley/cs/firrtl_2.11/1.3.2/firrtl_2.11-1.3.2.jar:/home/chenxuhao/.cache/coursier/v1/https/repo1.maven.org/maven2/org/antlr/antlr4-runtime/4.7.1/antlr4-runtime-4.7.1.jar:/home/chenxuhao/.cache/coursier/v1/https/repo1.maven.org/maven2/com/google/protobuf/protobuf-java/3.9.0/protobuf-java-3.9.0.jar:/home/chenxuhao/.cache/coursier/v1/https/repo1.maven.org/maven2/net/jcazevedo/moultingyaml_2.11/0.4.2/moultingyaml_2.11-0.4.2.jar:/home/chenxuhao/.cache/coursier/v1/https/repo1.maven.org/maven2/org/json4s/json4s-native_2.11/3.6.8/json4s-native_2.11-3.6.8.jar:/home/chenxuhao/.cache/coursier/v1/https/repo1.maven.org/maven2/org/apache/commons/commons-text/1.8/commons-text-1.8.jar:/home/chenxuhao/.cache/coursier/v1/https/repo1.maven.org/maven2/com/github/nscala-time/nscala-time_2.11/2.22.0/nscala-time_2.11-2.22.0.jar:/home/chenxuhao/.cache/coursier/v1/https/repo1.maven.org/maven2/org/yaml/snakeyaml/1.26/snakeyaml-1.26.jar:/home/chenxuhao/.cache/coursier/v1/https/repo1.maven.org/maven2/org/json4s/json4s-core_2.11/3.6.8/json4s-core_2.11-3.6.8.jar:/home/chenxuhao/.cache/coursier/v1/https/repo1.maven.org/maven2/org/apache/commons/commons-lang3/3.9/commons-lang3-3.9.jar:/home/chenxuhao/.cache/coursier/v1/https/repo1.maven.org/maven2/joda-time/joda-time/2.10.1/joda-time-2.10.1.jar:/home/chenxuhao/.cache/coursier/v1/https/repo1.maven.org/maven2/org/joda/joda-convert/2.2.0/joda-convert-2.2.0.jar:/home/chenxuhao/.cache/coursier/v1/https/repo1.maven.org/maven2/org/json4s/json4s-ast_2.11/3.6.8/json4s-ast_2.11-3.6.8.jar:/home/chenxuhao/.cache/coursier/v1/https/repo1.maven.org/maven2/org/json4s/json4s-scalap_2.11/3.6.8/json4s-scalap_2.11-3.6.8.jar:/home/chenxuhao/.cache/coursier/v1/https/repo1.maven.org/maven2/com/thoughtworks/paranamer/paranamer/2.8/paranamer-2.8.jar' 'top.TopMain' '-td' 'build' '--output-file' 'TopMain.v' '--infer-rw' 'NutShellFPGATop' '--repl-seq-mem' '-c:NutShellFPGATop:-o:build/TopMain.v.conf' 'BOARD=pynq' 'CORE=inorder'
====== Settings = (pynq, inorder) ======
EnableDebug = true
EnableILA = true
EnableMultiIssue = false
EnableOutOfOrderExec = false
EnableRVC = true
FPGAPlatform = true
HasDTLB = true
HasDcache = true
HasITLB = true
HasIcache = true
HasL2cache = true
HasPrefetch = true
IsRV32 = false
MMIOBase = 0x40600000
MMIOSize = 0x1000000
MemMapBase = 0x80000000
MemMapRegionBits = 28
MmodeOnly = false
NrExtIntr = 3
ResetVector = 0x80000000
[[35minfo[0m] [0.001] Elaborating design...
[[35minfo[0m] [3.822] Done elaborating.
Computed transform order in: 201.2 ms
Total FIRRTL Compile Time: 12413.7 ms
