
*** Running vivado
    with args -log system_top_util_vector_logic_0_0.vds -m64 -product Vivado -mode batch -messageDb vivado.pb -notrace -source system_top_util_vector_logic_0_0.tcl


****** Vivado v2020.2 (64-bit)
  **** SW Build 3064766 on Wed Nov 18 09:12:47 MST 2020
  **** IP Build 3064653 on Wed Nov 18 14:17:31 MST 2020
    ** Copyright 1986-2020 Xilinx, Inc. All Rights Reserved.

source system_top_util_vector_logic_0_0.tcl -notrace
Command: synth_design -top system_top_util_vector_logic_0_0 -part xc7z020clg400-1 -mode out_of_context
Starting synth_design
Attempting to get a license for feature 'Synthesis' and/or device 'xc7z020'
INFO: [Common 17-349] Got license for feature 'Synthesis' and/or device 'xc7z020'
INFO: [Device 21-403] Loading part xc7z020clg400-1
INFO: [Synth 8-7079] Multithreading enabled for synth_design using a maximum of 4 processes.
INFO: [Synth 8-7078] Launching helper process for spawning children vivado processes
INFO: [Synth 8-7075] Helper process launched with PID 82058
---------------------------------------------------------------------------------
Starting RTL Elaboration : Time (s): cpu = 00:00:06 ; elapsed = 00:00:08 . Memory (MB): peak = 2516.977 ; gain = 0.000 ; free physical = 395447 ; free virtual = 483557
---------------------------------------------------------------------------------
INFO: [Synth 8-6157] synthesizing module 'system_top_util_vector_logic_0_0' [/home/chenxuhao/NutShell/fpga/board/pynq/build/cxh-pynq/cxh-pynq.gen/sources_1/bd/system_top/ip/system_top_util_vector_logic_0_0/synth/system_top_util_vector_logic_0_0.v:57]
INFO: [Synth 8-6157] synthesizing module 'util_vector_logic_v2_0_1_util_vector_logic' [/home/chenxuhao/NutShell/fpga/board/pynq/build/cxh-pynq/cxh-pynq.gen/sources_1/bd/system_top/ipshared/3f90/hdl/util_vector_logic_v2_0_vl_rfs.v:45]
	Parameter C_OPERATION bound to: not - type: string 
	Parameter C_SIZE bound to: 1 - type: integer 
INFO: [Synth 8-6155] done synthesizing module 'util_vector_logic_v2_0_1_util_vector_logic' (1#1) [/home/chenxuhao/NutShell/fpga/board/pynq/build/cxh-pynq/cxh-pynq.gen/sources_1/bd/system_top/ipshared/3f90/hdl/util_vector_logic_v2_0_vl_rfs.v:45]
INFO: [Synth 8-6155] done synthesizing module 'system_top_util_vector_logic_0_0' (2#1) [/home/chenxuhao/NutShell/fpga/board/pynq/build/cxh-pynq/cxh-pynq.gen/sources_1/bd/system_top/ip/system_top_util_vector_logic_0_0/synth/system_top_util_vector_logic_0_0.v:57]
---------------------------------------------------------------------------------
Finished RTL Elaboration : Time (s): cpu = 00:00:07 ; elapsed = 00:00:09 . Memory (MB): peak = 2516.977 ; gain = 0.000 ; free physical = 397026 ; free virtual = 485137
---------------------------------------------------------------------------------
---------------------------------------------------------------------------------
Start Handling Custom Attributes
---------------------------------------------------------------------------------
---------------------------------------------------------------------------------
Finished Handling Custom Attributes : Time (s): cpu = 00:00:08 ; elapsed = 00:00:10 . Memory (MB): peak = 2516.977 ; gain = 0.000 ; free physical = 398544 ; free virtual = 486657
---------------------------------------------------------------------------------
---------------------------------------------------------------------------------
Finished RTL Optimization Phase 1 : Time (s): cpu = 00:00:08 ; elapsed = 00:00:10 . Memory (MB): peak = 2516.977 ; gain = 0.000 ; free physical = 398543 ; free virtual = 486656
---------------------------------------------------------------------------------
Netlist sorting complete. Time (s): cpu = 00:00:00 ; elapsed = 00:00:00 . Memory (MB): peak = 2516.977 ; gain = 0.000 ; free physical = 398540 ; free virtual = 486652
INFO: [Project 1-570] Preparing netlist for logic optimization

Processing XDC Constraints
Initializing timing engine
Completed Processing XDC Constraints

Netlist sorting complete. Time (s): cpu = 00:00:00 ; elapsed = 00:00:00 . Memory (MB): peak = 2594.758 ; gain = 0.000 ; free physical = 399270 ; free virtual = 487384
INFO: [Project 1-111] Unisim Transformation Summary:
No Unisim elements were transformed.

Constraint Validation Runtime : Time (s): cpu = 00:00:00.01 ; elapsed = 00:00:00.03 . Memory (MB): peak = 2597.727 ; gain = 2.969 ; free physical = 399288 ; free virtual = 487402
---------------------------------------------------------------------------------
Finished Constraint Validation : Time (s): cpu = 00:00:13 ; elapsed = 00:00:17 . Memory (MB): peak = 2597.727 ; gain = 80.750 ; free physical = 399615 ; free virtual = 487733
---------------------------------------------------------------------------------
---------------------------------------------------------------------------------
Start Loading Part and Timing Information
---------------------------------------------------------------------------------
Loading part: xc7z020clg400-1
---------------------------------------------------------------------------------
Finished Loading Part and Timing Information : Time (s): cpu = 00:00:13 ; elapsed = 00:00:17 . Memory (MB): peak = 2597.727 ; gain = 80.750 ; free physical = 399616 ; free virtual = 487733
---------------------------------------------------------------------------------
---------------------------------------------------------------------------------
Start Applying 'set_property' XDC Constraints
---------------------------------------------------------------------------------
---------------------------------------------------------------------------------
Finished applying 'set_property' XDC Constraints : Time (s): cpu = 00:00:13 ; elapsed = 00:00:17 . Memory (MB): peak = 2597.727 ; gain = 80.750 ; free physical = 399613 ; free virtual = 487731
---------------------------------------------------------------------------------
---------------------------------------------------------------------------------
Finished RTL Optimization Phase 2 : Time (s): cpu = 00:00:13 ; elapsed = 00:00:17 . Memory (MB): peak = 2597.727 ; gain = 80.750 ; free physical = 399573 ; free virtual = 487692
---------------------------------------------------------------------------------
---------------------------------------------------------------------------------
Start RTL Component Statistics 
---------------------------------------------------------------------------------
Detailed RTL Component Info : 
---------------------------------------------------------------------------------
Finished RTL Component Statistics 
---------------------------------------------------------------------------------
---------------------------------------------------------------------------------
Start Part Resource Summary
---------------------------------------------------------------------------------
Part Resources:
DSPs: 220 (col length:60)
BRAMs: 280 (col length: RAMB18 60 RAMB36 30)
---------------------------------------------------------------------------------
Finished Part Resource Summary
---------------------------------------------------------------------------------
---------------------------------------------------------------------------------
Start Cross Boundary and Area Optimization
---------------------------------------------------------------------------------
---------------------------------------------------------------------------------
Finished Cross Boundary and Area Optimization : Time (s): cpu = 00:00:14 ; elapsed = 00:00:18 . Memory (MB): peak = 2597.727 ; gain = 80.750 ; free physical = 399519 ; free virtual = 487644
---------------------------------------------------------------------------------
---------------------------------------------------------------------------------
Start Applying XDC Timing Constraints
---------------------------------------------------------------------------------
---------------------------------------------------------------------------------
Finished Applying XDC Timing Constraints : Time (s): cpu = 00:00:20 ; elapsed = 00:00:24 . Memory (MB): peak = 2597.727 ; gain = 80.750 ; free physical = 399189 ; free virtual = 487330
---------------------------------------------------------------------------------
---------------------------------------------------------------------------------
Start Timing Optimization
---------------------------------------------------------------------------------
---------------------------------------------------------------------------------
Finished Timing Optimization : Time (s): cpu = 00:00:20 ; elapsed = 00:00:24 . Memory (MB): peak = 2597.727 ; gain = 80.750 ; free physical = 399190 ; free virtual = 487331
---------------------------------------------------------------------------------
---------------------------------------------------------------------------------
Start Technology Mapping
---------------------------------------------------------------------------------
---------------------------------------------------------------------------------
Finished Technology Mapping : Time (s): cpu = 00:00:20 ; elapsed = 00:00:24 . Memory (MB): peak = 2610.738 ; gain = 93.762 ; free physical = 399190 ; free virtual = 487331
---------------------------------------------------------------------------------
---------------------------------------------------------------------------------
Start IO Insertion
---------------------------------------------------------------------------------
---------------------------------------------------------------------------------
Start Flattening Before IO Insertion
---------------------------------------------------------------------------------
---------------------------------------------------------------------------------
Finished Flattening Before IO Insertion
---------------------------------------------------------------------------------
---------------------------------------------------------------------------------
Start Final Netlist Cleanup
---------------------------------------------------------------------------------
---------------------------------------------------------------------------------
Finished Final Netlist Cleanup
---------------------------------------------------------------------------------
---------------------------------------------------------------------------------
Finished IO Insertion : Time (s): cpu = 00:00:23 ; elapsed = 00:00:27 . Memory (MB): peak = 2616.680 ; gain = 99.703 ; free physical = 398917 ; free virtual = 487058
---------------------------------------------------------------------------------
---------------------------------------------------------------------------------
Start Renaming Generated Instances
---------------------------------------------------------------------------------
---------------------------------------------------------------------------------
Finished Renaming Generated Instances : Time (s): cpu = 00:00:23 ; elapsed = 00:00:27 . Memory (MB): peak = 2616.680 ; gain = 99.703 ; free physical = 398917 ; free virtual = 487058
---------------------------------------------------------------------------------
---------------------------------------------------------------------------------
Start Rebuilding User Hierarchy
---------------------------------------------------------------------------------
---------------------------------------------------------------------------------
Finished Rebuilding User Hierarchy : Time (s): cpu = 00:00:23 ; elapsed = 00:00:27 . Memory (MB): peak = 2616.680 ; gain = 99.703 ; free physical = 398917 ; free virtual = 487058
---------------------------------------------------------------------------------
---------------------------------------------------------------------------------
Start Renaming Generated Ports
---------------------------------------------------------------------------------
---------------------------------------------------------------------------------
Finished Renaming Generated Ports : Time (s): cpu = 00:00:23 ; elapsed = 00:00:27 . Memory (MB): peak = 2616.680 ; gain = 99.703 ; free physical = 398916 ; free virtual = 487057
---------------------------------------------------------------------------------
---------------------------------------------------------------------------------
Start Handling Custom Attributes
---------------------------------------------------------------------------------
---------------------------------------------------------------------------------
Finished Handling Custom Attributes : Time (s): cpu = 00:00:23 ; elapsed = 00:00:27 . Memory (MB): peak = 2616.680 ; gain = 99.703 ; free physical = 398916 ; free virtual = 487057
---------------------------------------------------------------------------------
---------------------------------------------------------------------------------
Start Renaming Generated Nets
---------------------------------------------------------------------------------
---------------------------------------------------------------------------------
Finished Renaming Generated Nets : Time (s): cpu = 00:00:23 ; elapsed = 00:00:27 . Memory (MB): peak = 2616.680 ; gain = 99.703 ; free physical = 398916 ; free virtual = 487057
---------------------------------------------------------------------------------
---------------------------------------------------------------------------------
Start Writing Synthesis Report
---------------------------------------------------------------------------------

Report BlackBoxes: 
+-+--------------+----------+
| |BlackBox name |Instances |
+-+--------------+----------+
+-+--------------+----------+

Report Cell Usage: 
+------+-----+------+
|      |Cell |Count |
+------+-----+------+
|1     |LUT1 |     1|
+------+-----+------+
---------------------------------------------------------------------------------
Finished Writing Synthesis Report : Time (s): cpu = 00:00:23 ; elapsed = 00:00:27 . Memory (MB): peak = 2616.680 ; gain = 99.703 ; free physical = 398916 ; free virtual = 487057
---------------------------------------------------------------------------------
Synthesis finished with 0 errors, 0 critical warnings and 0 warnings.
Synthesis Optimization Runtime : Time (s): cpu = 00:00:22 ; elapsed = 00:00:25 . Memory (MB): peak = 2616.680 ; gain = 18.953 ; free physical = 398971 ; free virtual = 487112
Synthesis Optimization Complete : Time (s): cpu = 00:00:24 ; elapsed = 00:00:28 . Memory (MB): peak = 2616.684 ; gain = 99.703 ; free physical = 399055 ; free virtual = 487196
INFO: [Project 1-571] Translating synthesized netlist
Netlist sorting complete. Time (s): cpu = 00:00:00 ; elapsed = 00:00:00 . Memory (MB): peak = 2616.684 ; gain = 0.000 ; free physical = 399038 ; free virtual = 487179
INFO: [Project 1-570] Preparing netlist for logic optimization
INFO: [Opt 31-138] Pushed 0 inverter(s) to 0 load pin(s).
Netlist sorting complete. Time (s): cpu = 00:00:00 ; elapsed = 00:00:00 . Memory (MB): peak = 2624.617 ; gain = 0.000 ; free physical = 399028 ; free virtual = 487169
INFO: [Project 1-111] Unisim Transformation Summary:
No Unisim elements were transformed.

INFO: [Common 17-83] Releasing license: Synthesis
16 Infos, 0 Warnings, 0 Critical Warnings and 0 Errors encountered.
synth_design completed successfully
synth_design: Time (s): cpu = 00:00:35 ; elapsed = 00:00:34 . Memory (MB): peak = 2624.617 ; gain = 107.766 ; free physical = 399140 ; free virtual = 487280
INFO: [Common 17-1381] The checkpoint '/home/chenxuhao/NutShell/fpga/board/pynq/build/cxh-pynq/cxh-pynq.runs/system_top_util_vector_logic_0_0_synth_1/system_top_util_vector_logic_0_0.dcp' has been generated.
WARNING: [Common 17-576] 'use_project_ipc' is deprecated. This option is deprecated and no longer used.
INFO: [Coretcl 2-1648] Added synthesis output to IP cache for IP system_top_util_vector_logic_0_0, cache-ID = f2d3abe2f44e86fd
INFO: [Common 17-1381] The checkpoint '/home/chenxuhao/NutShell/fpga/board/pynq/build/cxh-pynq/cxh-pynq.runs/system_top_util_vector_logic_0_0_synth_1/system_top_util_vector_logic_0_0.dcp' has been generated.
INFO: [runtcl-4] Executing : report_utilization -file system_top_util_vector_logic_0_0_utilization_synth.rpt -pb system_top_util_vector_logic_0_0_utilization_synth.pb
INFO: [Common 17-206] Exiting Vivado at Sun May 15 02:03:35 2022...
