Copyright 1986-2020 Xilinx, Inc. All Rights Reserved.
------------------------------------------------------------------------------------------------------------------------------------------------
| Tool Version : Vivado v.2020.2 (lin64) Build 3064766 Wed Nov 18 09:12:47 MST 2020
| Date         : Sun May 15 02:22:56 2022
| Host         : localhost.localdomain running 64-bit CentOS Linux release 7.9.2009 (Core)
| Command      : report_drc -file system_top_wrapper_drc_routed.rpt -pb system_top_wrapper_drc_routed.pb -rpx system_top_wrapper_drc_routed.rpx
| Design       : system_top_wrapper
| Device       : xc7z020clg400-1
| Speed File   : -1
| Design State : Fully Routed
------------------------------------------------------------------------------------------------------------------------------------------------

Report DRC

Table of Contents
-----------------
1. REPORT SUMMARY
2. REPORT DETAILS

1. REPORT SUMMARY
-----------------
            Netlist: netlist
          Floorplan: design_1
      Design limits: <entire design considered>
           Ruledeck: default
             Max violations: <unlimited>
             Violations found: 46
+-----------+----------+----------------------------+------------+
| Rule      | Severity | Description                | Violations |
+-----------+----------+----------------------------+------------+
| CHECK-3   | Warning  | Report rule limit reached  | 2          |
| DPOP-2    | Warning  | MREG Output pipelining     | 3          |
| REQP-1839 | Warning  | RAMB36 async control check | 20         |
| REQP-1840 | Warning  | RAMB18 async control check | 20         |
| RTSTAT-10 | Warning  | No routable loads          | 1          |
+-----------+----------+----------------------------+------------+

2. REPORT DETAILS
-----------------
CHECK-3#1 Warning
Report rule limit reached  
REQP-1839 rule limit reached: 20 violations have been found.
Related violations: <none>

CHECK-3#2 Warning
Report rule limit reached  
REQP-1840 rule limit reached: 20 violations have been found.
Related violations: <none>

DPOP-2#1 Warning
MREG Output pipelining  
DSP system_top_i/rv_system/NutShell_0/inst/nutcore/Backend_inorder/exu/mdu/mul/_T_4_reg multiplier stage system_top_i/rv_system/NutShell_0/inst/nutcore/Backend_inorder/exu/mdu/mul/_T_4_reg/P[47:0] is not pipelined (MREG=0). Pipelining the multiplier function will improve performance and will save significant power so it is suggested whenever possible to fully pipeline this function.  If this multiplier was inferred, it is suggested to describe an additional register stage after this function.  If there is no registered adder/accumulator following the multiply function, two pipeline stages are suggested to allow both the MREG and PREG registers to be used.  If the DSP48 was instantiated in the design, it is suggested to set both the MREG and PREG attributes to 1 when performing multiply functions.
Related violations: <none>

DPOP-2#2 Warning
MREG Output pipelining  
DSP system_top_i/rv_system/NutShell_0/inst/nutcore/Backend_inorder/exu/mdu/mul/_T_4_reg__0 multiplier stage system_top_i/rv_system/NutShell_0/inst/nutcore/Backend_inorder/exu/mdu/mul/_T_4_reg__0/P[47:0] is not pipelined (MREG=0). Pipelining the multiplier function will improve performance and will save significant power so it is suggested whenever possible to fully pipeline this function.  If this multiplier was inferred, it is suggested to describe an additional register stage after this function.  If there is no registered adder/accumulator following the multiply function, two pipeline stages are suggested to allow both the MREG and PREG registers to be used.  If the DSP48 was instantiated in the design, it is suggested to set both the MREG and PREG attributes to 1 when performing multiply functions.
Related violations: <none>

DPOP-2#3 Warning
MREG Output pipelining  
DSP system_top_i/rv_system/NutShell_0/inst/nutcore/Backend_inorder/exu/mdu/mul/_T_4_reg__3 multiplier stage system_top_i/rv_system/NutShell_0/inst/nutcore/Backend_inorder/exu/mdu/mul/_T_4_reg__3/P[47:0] is not pipelined (MREG=0). Pipelining the multiplier function will improve performance and will save significant power so it is suggested whenever possible to fully pipeline this function.  If this multiplier was inferred, it is suggested to describe an additional register stage after this function.  If there is no registered adder/accumulator following the multiply function, two pipeline stages are suggested to allow both the MREG and PREG registers to be used.  If the DSP48 was instantiated in the design, it is suggested to set both the MREG and PREG attributes to 1 when performing multiply functions.
Related violations: <none>

REQP-1839#1 Warning
RAMB36 async control check  
The RAMB36E1 system_top_i/rv_system/NutShell_0/inst/Cache/dataArray/ram/array/array_3_ext/ram_reg_0_0 has an input control pin system_top_i/rv_system/NutShell_0/inst/Cache/dataArray/ram/array/array_3_ext/ram_reg_0_0/ADDRARDADDR[10] (net: system_top_i/rv_system/NutShell_0/inst/Cache/dataArray/ram/array/array_3_ext/ADDRARDADDR[7]) which is driven by a register (system_top_i/axi_interconnect_0/s00_couplers/auto_cc/inst/gen_clock_conv.gen_async_conv.asyncfifo_axi/inst_fifo_gen/gaxi_full_lite.gread_ch.grdch2.axi_rdch/grf.rf/gntv_or_sync_fifo.gl0.rd/gr1.gr1_int.rfwft/empty_fwft_i_reg) that has an active asychronous set or reset. This may cause corruption of the memory contents and/or read values when the set/reset is asserted and is not analyzed by the default static timing analysis. It is suggested to eliminate the use of a set/reset to registers driving this RAMB pin or else use a synchronous reset in which the assertion of the reset is timed by default.
Related violations: <none>

REQP-1839#2 Warning
RAMB36 async control check  
The RAMB36E1 system_top_i/rv_system/NutShell_0/inst/Cache/dataArray/ram/array/array_3_ext/ram_reg_0_0 has an input control pin system_top_i/rv_system/NutShell_0/inst/Cache/dataArray/ram/array/array_3_ext/ram_reg_0_0/ADDRARDADDR[10] (net: system_top_i/rv_system/NutShell_0/inst/Cache/dataArray/ram/array/array_3_ext/ADDRARDADDR[7]) which is driven by a register (system_top_i/axi_interconnect_0/s00_couplers/auto_cc/inst/gen_clock_conv.gen_async_conv.asyncfifo_axi/inst_fifo_gen/gaxi_full_lite.gwrite_ch.gwrch2.axi_wrch/grf.rf/gntv_or_sync_fifo.gl0.rd/gr1.gr1_int.rfwft/empty_fwft_i_reg) that has an active asychronous set or reset. This may cause corruption of the memory contents and/or read values when the set/reset is asserted and is not analyzed by the default static timing analysis. It is suggested to eliminate the use of a set/reset to registers driving this RAMB pin or else use a synchronous reset in which the assertion of the reset is timed by default.
Related violations: <none>

REQP-1839#3 Warning
RAMB36 async control check  
The RAMB36E1 system_top_i/rv_system/NutShell_0/inst/Cache/dataArray/ram/array/array_3_ext/ram_reg_0_0 has an input control pin system_top_i/rv_system/NutShell_0/inst/Cache/dataArray/ram/array/array_3_ext/ram_reg_0_0/ADDRARDADDR[11] (net: system_top_i/rv_system/NutShell_0/inst/Cache/dataArray/ram/array/array_3_ext/ADDRARDADDR[8]) which is driven by a register (system_top_i/axi_interconnect_0/s00_couplers/auto_cc/inst/gen_clock_conv.gen_async_conv.asyncfifo_axi/inst_fifo_gen/gaxi_full_lite.gread_ch.grdch2.axi_rdch/grf.rf/gntv_or_sync_fifo.gl0.rd/gr1.gr1_int.rfwft/empty_fwft_i_reg) that has an active asychronous set or reset. This may cause corruption of the memory contents and/or read values when the set/reset is asserted and is not analyzed by the default static timing analysis. It is suggested to eliminate the use of a set/reset to registers driving this RAMB pin or else use a synchronous reset in which the assertion of the reset is timed by default.
Related violations: <none>

REQP-1839#4 Warning
RAMB36 async control check  
The RAMB36E1 system_top_i/rv_system/NutShell_0/inst/Cache/dataArray/ram/array/array_3_ext/ram_reg_0_0 has an input control pin system_top_i/rv_system/NutShell_0/inst/Cache/dataArray/ram/array/array_3_ext/ram_reg_0_0/ADDRARDADDR[11] (net: system_top_i/rv_system/NutShell_0/inst/Cache/dataArray/ram/array/array_3_ext/ADDRARDADDR[8]) which is driven by a register (system_top_i/axi_interconnect_0/s00_couplers/auto_cc/inst/gen_clock_conv.gen_async_conv.asyncfifo_axi/inst_fifo_gen/gaxi_full_lite.gwrite_ch.gwrch2.axi_wrch/grf.rf/gntv_or_sync_fifo.gl0.rd/gr1.gr1_int.rfwft/empty_fwft_i_reg) that has an active asychronous set or reset. This may cause corruption of the memory contents and/or read values when the set/reset is asserted and is not analyzed by the default static timing analysis. It is suggested to eliminate the use of a set/reset to registers driving this RAMB pin or else use a synchronous reset in which the assertion of the reset is timed by default.
Related violations: <none>

REQP-1839#5 Warning
RAMB36 async control check  
The RAMB36E1 system_top_i/rv_system/NutShell_0/inst/Cache/dataArray/ram/array/array_3_ext/ram_reg_0_0 has an input control pin system_top_i/rv_system/NutShell_0/inst/Cache/dataArray/ram/array/array_3_ext/ram_reg_0_0/ADDRARDADDR[12] (net: system_top_i/rv_system/NutShell_0/inst/Cache/dataArray/ram/array/array_3_ext/ADDRARDADDR[9]) which is driven by a register (system_top_i/axi_interconnect_0/s00_couplers/auto_cc/inst/gen_clock_conv.gen_async_conv.asyncfifo_axi/inst_fifo_gen/gaxi_full_lite.gread_ch.grdch2.axi_rdch/grf.rf/gntv_or_sync_fifo.gl0.rd/gr1.gr1_int.rfwft/empty_fwft_i_reg) that has an active asychronous set or reset. This may cause corruption of the memory contents and/or read values when the set/reset is asserted and is not analyzed by the default static timing analysis. It is suggested to eliminate the use of a set/reset to registers driving this RAMB pin or else use a synchronous reset in which the assertion of the reset is timed by default.
Related violations: <none>

REQP-1839#6 Warning
RAMB36 async control check  
The RAMB36E1 system_top_i/rv_system/NutShell_0/inst/Cache/dataArray/ram/array/array_3_ext/ram_reg_0_0 has an input control pin system_top_i/rv_system/NutShell_0/inst/Cache/dataArray/ram/array/array_3_ext/ram_reg_0_0/ADDRARDADDR[12] (net: system_top_i/rv_system/NutShell_0/inst/Cache/dataArray/ram/array/array_3_ext/ADDRARDADDR[9]) which is driven by a register (system_top_i/axi_interconnect_0/s00_couplers/auto_cc/inst/gen_clock_conv.gen_async_conv.asyncfifo_axi/inst_fifo_gen/gaxi_full_lite.gwrite_ch.gwrch2.axi_wrch/grf.rf/gntv_or_sync_fifo.gl0.rd/gr1.gr1_int.rfwft/empty_fwft_i_reg) that has an active asychronous set or reset. This may cause corruption of the memory contents and/or read values when the set/reset is asserted and is not analyzed by the default static timing analysis. It is suggested to eliminate the use of a set/reset to registers driving this RAMB pin or else use a synchronous reset in which the assertion of the reset is timed by default.
Related violations: <none>

REQP-1839#7 Warning
RAMB36 async control check  
The RAMB36E1 system_top_i/rv_system/NutShell_0/inst/Cache/dataArray/ram/array/array_3_ext/ram_reg_0_0 has an input control pin system_top_i/rv_system/NutShell_0/inst/Cache/dataArray/ram/array/array_3_ext/ram_reg_0_0/ADDRARDADDR[13] (net: system_top_i/rv_system/NutShell_0/inst/Cache/dataArray/ram/array/array_3_ext/ADDRARDADDR[10]) which is driven by a register (system_top_i/axi_interconnect_0/s00_couplers/auto_cc/inst/gen_clock_conv.gen_async_conv.asyncfifo_axi/inst_fifo_gen/gaxi_full_lite.gread_ch.grdch2.axi_rdch/grf.rf/gntv_or_sync_fifo.gl0.rd/gr1.gr1_int.rfwft/empty_fwft_i_reg) that has an active asychronous set or reset. This may cause corruption of the memory contents and/or read values when the set/reset is asserted and is not analyzed by the default static timing analysis. It is suggested to eliminate the use of a set/reset to registers driving this RAMB pin or else use a synchronous reset in which the assertion of the reset is timed by default.
Related violations: <none>

REQP-1839#8 Warning
RAMB36 async control check  
The RAMB36E1 system_top_i/rv_system/NutShell_0/inst/Cache/dataArray/ram/array/array_3_ext/ram_reg_0_0 has an input control pin system_top_i/rv_system/NutShell_0/inst/Cache/dataArray/ram/array/array_3_ext/ram_reg_0_0/ADDRARDADDR[13] (net: system_top_i/rv_system/NutShell_0/inst/Cache/dataArray/ram/array/array_3_ext/ADDRARDADDR[10]) which is driven by a register (system_top_i/axi_interconnect_0/s00_couplers/auto_cc/inst/gen_clock_conv.gen_async_conv.asyncfifo_axi/inst_fifo_gen/gaxi_full_lite.gwrite_ch.gwrch2.axi_wrch/grf.rf/gntv_or_sync_fifo.gl0.rd/gr1.gr1_int.rfwft/empty_fwft_i_reg) that has an active asychronous set or reset. This may cause corruption of the memory contents and/or read values when the set/reset is asserted and is not analyzed by the default static timing analysis. It is suggested to eliminate the use of a set/reset to registers driving this RAMB pin or else use a synchronous reset in which the assertion of the reset is timed by default.
Related violations: <none>

REQP-1839#9 Warning
RAMB36 async control check  
The RAMB36E1 system_top_i/rv_system/NutShell_0/inst/Cache/dataArray/ram/array/array_3_ext/ram_reg_0_0 has an input control pin system_top_i/rv_system/NutShell_0/inst/Cache/dataArray/ram/array/array_3_ext/ram_reg_0_0/ADDRARDADDR[14] (net: system_top_i/rv_system/NutShell_0/inst/Cache/dataArray/ram/array/array_3_ext/ADDRARDADDR[11]) which is driven by a register (system_top_i/axi_interconnect_0/s00_couplers/auto_cc/inst/gen_clock_conv.gen_async_conv.asyncfifo_axi/inst_fifo_gen/gaxi_full_lite.gread_ch.grdch2.axi_rdch/grf.rf/gntv_or_sync_fifo.gl0.rd/gr1.gr1_int.rfwft/empty_fwft_i_reg) that has an active asychronous set or reset. This may cause corruption of the memory contents and/or read values when the set/reset is asserted and is not analyzed by the default static timing analysis. It is suggested to eliminate the use of a set/reset to registers driving this RAMB pin or else use a synchronous reset in which the assertion of the reset is timed by default.
Related violations: <none>

REQP-1839#10 Warning
RAMB36 async control check  
The RAMB36E1 system_top_i/rv_system/NutShell_0/inst/Cache/dataArray/ram/array/array_3_ext/ram_reg_0_0 has an input control pin system_top_i/rv_system/NutShell_0/inst/Cache/dataArray/ram/array/array_3_ext/ram_reg_0_0/ADDRARDADDR[14] (net: system_top_i/rv_system/NutShell_0/inst/Cache/dataArray/ram/array/array_3_ext/ADDRARDADDR[11]) which is driven by a register (system_top_i/axi_interconnect_0/s00_couplers/auto_cc/inst/gen_clock_conv.gen_async_conv.asyncfifo_axi/inst_fifo_gen/gaxi_full_lite.gwrite_ch.gwrch2.axi_wrch/grf.rf/gntv_or_sync_fifo.gl0.rd/gr1.gr1_int.rfwft/empty_fwft_i_reg) that has an active asychronous set or reset. This may cause corruption of the memory contents and/or read values when the set/reset is asserted and is not analyzed by the default static timing analysis. It is suggested to eliminate the use of a set/reset to registers driving this RAMB pin or else use a synchronous reset in which the assertion of the reset is timed by default.
Related violations: <none>

REQP-1839#11 Warning
RAMB36 async control check  
The RAMB36E1 system_top_i/rv_system/NutShell_0/inst/Cache/dataArray/ram/array/array_3_ext/ram_reg_0_0 has an input control pin system_top_i/rv_system/NutShell_0/inst/Cache/dataArray/ram/array/array_3_ext/ram_reg_0_0/ADDRARDADDR[5] (net: system_top_i/rv_system/NutShell_0/inst/Cache/dataArray/ram/array/array_3_ext/ADDRARDADDR[2]) which is driven by a register (system_top_i/axi_interconnect_0/s00_couplers/auto_cc/inst/gen_clock_conv.gen_async_conv.asyncfifo_axi/inst_fifo_gen/gaxi_full_lite.gread_ch.grdch2.axi_rdch/grf.rf/gntv_or_sync_fifo.gl0.rd/gr1.gr1_int.rfwft/empty_fwft_i_reg) that has an active asychronous set or reset. This may cause corruption of the memory contents and/or read values when the set/reset is asserted and is not analyzed by the default static timing analysis. It is suggested to eliminate the use of a set/reset to registers driving this RAMB pin or else use a synchronous reset in which the assertion of the reset is timed by default.
Related violations: <none>

REQP-1839#12 Warning
RAMB36 async control check  
The RAMB36E1 system_top_i/rv_system/NutShell_0/inst/Cache/dataArray/ram/array/array_3_ext/ram_reg_0_0 has an input control pin system_top_i/rv_system/NutShell_0/inst/Cache/dataArray/ram/array/array_3_ext/ram_reg_0_0/ADDRARDADDR[5] (net: system_top_i/rv_system/NutShell_0/inst/Cache/dataArray/ram/array/array_3_ext/ADDRARDADDR[2]) which is driven by a register (system_top_i/axi_interconnect_0/s00_couplers/auto_cc/inst/gen_clock_conv.gen_async_conv.asyncfifo_axi/inst_fifo_gen/gaxi_full_lite.gwrite_ch.gwrch2.axi_wrch/grf.rf/gntv_or_sync_fifo.gl0.rd/gr1.gr1_int.rfwft/empty_fwft_i_reg) that has an active asychronous set or reset. This may cause corruption of the memory contents and/or read values when the set/reset is asserted and is not analyzed by the default static timing analysis. It is suggested to eliminate the use of a set/reset to registers driving this RAMB pin or else use a synchronous reset in which the assertion of the reset is timed by default.
Related violations: <none>

REQP-1839#13 Warning
RAMB36 async control check  
The RAMB36E1 system_top_i/rv_system/NutShell_0/inst/Cache/dataArray/ram/array/array_3_ext/ram_reg_0_0 has an input control pin system_top_i/rv_system/NutShell_0/inst/Cache/dataArray/ram/array/array_3_ext/ram_reg_0_0/ADDRARDADDR[6] (net: system_top_i/rv_system/NutShell_0/inst/Cache/dataArray/ram/array/array_3_ext/ADDRARDADDR[3]) which is driven by a register (system_top_i/axi_interconnect_0/s00_couplers/auto_cc/inst/gen_clock_conv.gen_async_conv.asyncfifo_axi/inst_fifo_gen/gaxi_full_lite.gread_ch.grdch2.axi_rdch/grf.rf/gntv_or_sync_fifo.gl0.rd/gr1.gr1_int.rfwft/empty_fwft_i_reg) that has an active asychronous set or reset. This may cause corruption of the memory contents and/or read values when the set/reset is asserted and is not analyzed by the default static timing analysis. It is suggested to eliminate the use of a set/reset to registers driving this RAMB pin or else use a synchronous reset in which the assertion of the reset is timed by default.
Related violations: <none>

REQP-1839#14 Warning
RAMB36 async control check  
The RAMB36E1 system_top_i/rv_system/NutShell_0/inst/Cache/dataArray/ram/array/array_3_ext/ram_reg_0_0 has an input control pin system_top_i/rv_system/NutShell_0/inst/Cache/dataArray/ram/array/array_3_ext/ram_reg_0_0/ADDRARDADDR[6] (net: system_top_i/rv_system/NutShell_0/inst/Cache/dataArray/ram/array/array_3_ext/ADDRARDADDR[3]) which is driven by a register (system_top_i/axi_interconnect_0/s00_couplers/auto_cc/inst/gen_clock_conv.gen_async_conv.asyncfifo_axi/inst_fifo_gen/gaxi_full_lite.gwrite_ch.gwrch2.axi_wrch/grf.rf/gntv_or_sync_fifo.gl0.rd/gr1.gr1_int.rfwft/empty_fwft_i_reg) that has an active asychronous set or reset. This may cause corruption of the memory contents and/or read values when the set/reset is asserted and is not analyzed by the default static timing analysis. It is suggested to eliminate the use of a set/reset to registers driving this RAMB pin or else use a synchronous reset in which the assertion of the reset is timed by default.
Related violations: <none>

REQP-1839#15 Warning
RAMB36 async control check  
The RAMB36E1 system_top_i/rv_system/NutShell_0/inst/Cache/dataArray/ram/array/array_3_ext/ram_reg_0_0 has an input control pin system_top_i/rv_system/NutShell_0/inst/Cache/dataArray/ram/array/array_3_ext/ram_reg_0_0/ADDRARDADDR[7] (net: system_top_i/rv_system/NutShell_0/inst/Cache/dataArray/ram/array/array_3_ext/ADDRARDADDR[4]) which is driven by a register (system_top_i/axi_interconnect_0/s00_couplers/auto_cc/inst/gen_clock_conv.gen_async_conv.asyncfifo_axi/inst_fifo_gen/gaxi_full_lite.gread_ch.grdch2.axi_rdch/grf.rf/gntv_or_sync_fifo.gl0.rd/gr1.gr1_int.rfwft/empty_fwft_i_reg) that has an active asychronous set or reset. This may cause corruption of the memory contents and/or read values when the set/reset is asserted and is not analyzed by the default static timing analysis. It is suggested to eliminate the use of a set/reset to registers driving this RAMB pin or else use a synchronous reset in which the assertion of the reset is timed by default.
Related violations: <none>

REQP-1839#16 Warning
RAMB36 async control check  
The RAMB36E1 system_top_i/rv_system/NutShell_0/inst/Cache/dataArray/ram/array/array_3_ext/ram_reg_0_0 has an input control pin system_top_i/rv_system/NutShell_0/inst/Cache/dataArray/ram/array/array_3_ext/ram_reg_0_0/ADDRARDADDR[7] (net: system_top_i/rv_system/NutShell_0/inst/Cache/dataArray/ram/array/array_3_ext/ADDRARDADDR[4]) which is driven by a register (system_top_i/axi_interconnect_0/s00_couplers/auto_cc/inst/gen_clock_conv.gen_async_conv.asyncfifo_axi/inst_fifo_gen/gaxi_full_lite.gwrite_ch.gwrch2.axi_wrch/grf.rf/gntv_or_sync_fifo.gl0.rd/gr1.gr1_int.rfwft/empty_fwft_i_reg) that has an active asychronous set or reset. This may cause corruption of the memory contents and/or read values when the set/reset is asserted and is not analyzed by the default static timing analysis. It is suggested to eliminate the use of a set/reset to registers driving this RAMB pin or else use a synchronous reset in which the assertion of the reset is timed by default.
Related violations: <none>

REQP-1839#17 Warning
RAMB36 async control check  
The RAMB36E1 system_top_i/rv_system/NutShell_0/inst/Cache/dataArray/ram/array/array_3_ext/ram_reg_0_0 has an input control pin system_top_i/rv_system/NutShell_0/inst/Cache/dataArray/ram/array/array_3_ext/ram_reg_0_0/ADDRARDADDR[8] (net: system_top_i/rv_system/NutShell_0/inst/Cache/dataArray/ram/array/array_3_ext/ADDRARDADDR[5]) which is driven by a register (system_top_i/axi_interconnect_0/s00_couplers/auto_cc/inst/gen_clock_conv.gen_async_conv.asyncfifo_axi/inst_fifo_gen/gaxi_full_lite.gread_ch.grdch2.axi_rdch/grf.rf/gntv_or_sync_fifo.gl0.rd/gr1.gr1_int.rfwft/empty_fwft_i_reg) that has an active asychronous set or reset. This may cause corruption of the memory contents and/or read values when the set/reset is asserted and is not analyzed by the default static timing analysis. It is suggested to eliminate the use of a set/reset to registers driving this RAMB pin or else use a synchronous reset in which the assertion of the reset is timed by default.
Related violations: <none>

REQP-1839#18 Warning
RAMB36 async control check  
The RAMB36E1 system_top_i/rv_system/NutShell_0/inst/Cache/dataArray/ram/array/array_3_ext/ram_reg_0_0 has an input control pin system_top_i/rv_system/NutShell_0/inst/Cache/dataArray/ram/array/array_3_ext/ram_reg_0_0/ADDRARDADDR[8] (net: system_top_i/rv_system/NutShell_0/inst/Cache/dataArray/ram/array/array_3_ext/ADDRARDADDR[5]) which is driven by a register (system_top_i/axi_interconnect_0/s00_couplers/auto_cc/inst/gen_clock_conv.gen_async_conv.asyncfifo_axi/inst_fifo_gen/gaxi_full_lite.gwrite_ch.gwrch2.axi_wrch/grf.rf/gntv_or_sync_fifo.gl0.rd/gr1.gr1_int.rfwft/empty_fwft_i_reg) that has an active asychronous set or reset. This may cause corruption of the memory contents and/or read values when the set/reset is asserted and is not analyzed by the default static timing analysis. It is suggested to eliminate the use of a set/reset to registers driving this RAMB pin or else use a synchronous reset in which the assertion of the reset is timed by default.
Related violations: <none>

REQP-1839#19 Warning
RAMB36 async control check  
The RAMB36E1 system_top_i/rv_system/NutShell_0/inst/Cache/dataArray/ram/array/array_3_ext/ram_reg_0_0 has an input control pin system_top_i/rv_system/NutShell_0/inst/Cache/dataArray/ram/array/array_3_ext/ram_reg_0_0/ADDRARDADDR[9] (net: system_top_i/rv_system/NutShell_0/inst/Cache/dataArray/ram/array/array_3_ext/ADDRARDADDR[6]) which is driven by a register (system_top_i/axi_interconnect_0/s00_couplers/auto_cc/inst/gen_clock_conv.gen_async_conv.asyncfifo_axi/inst_fifo_gen/gaxi_full_lite.gread_ch.grdch2.axi_rdch/grf.rf/gntv_or_sync_fifo.gl0.rd/gr1.gr1_int.rfwft/empty_fwft_i_reg) that has an active asychronous set or reset. This may cause corruption of the memory contents and/or read values when the set/reset is asserted and is not analyzed by the default static timing analysis. It is suggested to eliminate the use of a set/reset to registers driving this RAMB pin or else use a synchronous reset in which the assertion of the reset is timed by default.
Related violations: <none>

REQP-1839#20 Warning
RAMB36 async control check  
The RAMB36E1 system_top_i/rv_system/NutShell_0/inst/Cache/dataArray/ram/array/array_3_ext/ram_reg_0_0 has an input control pin system_top_i/rv_system/NutShell_0/inst/Cache/dataArray/ram/array/array_3_ext/ram_reg_0_0/ADDRARDADDR[9] (net: system_top_i/rv_system/NutShell_0/inst/Cache/dataArray/ram/array/array_3_ext/ADDRARDADDR[6]) which is driven by a register (system_top_i/axi_interconnect_0/s00_couplers/auto_cc/inst/gen_clock_conv.gen_async_conv.asyncfifo_axi/inst_fifo_gen/gaxi_full_lite.gwrite_ch.gwrch2.axi_wrch/grf.rf/gntv_or_sync_fifo.gl0.rd/gr1.gr1_int.rfwft/empty_fwft_i_reg) that has an active asychronous set or reset. This may cause corruption of the memory contents and/or read values when the set/reset is asserted and is not analyzed by the default static timing analysis. It is suggested to eliminate the use of a set/reset to registers driving this RAMB pin or else use a synchronous reset in which the assertion of the reset is timed by default.
Related violations: <none>

REQP-1840#1 Warning
RAMB18 async control check  
The RAMB18E1 system_top_i/rv_system/NutShell_0/inst/Cache/dataArray/ram/array/array_3_ext/ram_reg_0_7 has an input control pin system_top_i/rv_system/NutShell_0/inst/Cache/dataArray/ram/array/array_3_ext/ram_reg_0_7/ADDRARDADDR[10] (net: system_top_i/rv_system/NutShell_0/inst/Cache/dataArray/ram/array/array_3_ext/ADDRARDADDR[8]) which is driven by a register (system_top_i/axi_interconnect_0/s00_couplers/auto_cc/inst/gen_clock_conv.gen_async_conv.asyncfifo_axi/inst_fifo_gen/gaxi_full_lite.gread_ch.grdch2.axi_rdch/grf.rf/gntv_or_sync_fifo.gl0.rd/gr1.gr1_int.rfwft/empty_fwft_i_reg) that has an active asychronous set or reset. This may cause corruption of the memory contents and/or read values when the set/reset is asserted and is not analyzed by the default static timing analysis. It is suggested to eliminate the use of a set/reset to registers driving this RAMB pin or else use a synchronous reset in which the assertion of the reset is timed by default.
Related violations: <none>

REQP-1840#2 Warning
RAMB18 async control check  
The RAMB18E1 system_top_i/rv_system/NutShell_0/inst/Cache/dataArray/ram/array/array_3_ext/ram_reg_0_7 has an input control pin system_top_i/rv_system/NutShell_0/inst/Cache/dataArray/ram/array/array_3_ext/ram_reg_0_7/ADDRARDADDR[10] (net: system_top_i/rv_system/NutShell_0/inst/Cache/dataArray/ram/array/array_3_ext/ADDRARDADDR[8]) which is driven by a register (system_top_i/axi_interconnect_0/s00_couplers/auto_cc/inst/gen_clock_conv.gen_async_conv.asyncfifo_axi/inst_fifo_gen/gaxi_full_lite.gwrite_ch.gwrch2.axi_wrch/grf.rf/gntv_or_sync_fifo.gl0.rd/gr1.gr1_int.rfwft/empty_fwft_i_reg) that has an active asychronous set or reset. This may cause corruption of the memory contents and/or read values when the set/reset is asserted and is not analyzed by the default static timing analysis. It is suggested to eliminate the use of a set/reset to registers driving this RAMB pin or else use a synchronous reset in which the assertion of the reset is timed by default.
Related violations: <none>

REQP-1840#3 Warning
RAMB18 async control check  
The RAMB18E1 system_top_i/rv_system/NutShell_0/inst/Cache/dataArray/ram/array/array_3_ext/ram_reg_0_7 has an input control pin system_top_i/rv_system/NutShell_0/inst/Cache/dataArray/ram/array/array_3_ext/ram_reg_0_7/ADDRARDADDR[11] (net: system_top_i/rv_system/NutShell_0/inst/Cache/dataArray/ram/array/array_3_ext/ADDRARDADDR[9]) which is driven by a register (system_top_i/axi_interconnect_0/s00_couplers/auto_cc/inst/gen_clock_conv.gen_async_conv.asyncfifo_axi/inst_fifo_gen/gaxi_full_lite.gread_ch.grdch2.axi_rdch/grf.rf/gntv_or_sync_fifo.gl0.rd/gr1.gr1_int.rfwft/empty_fwft_i_reg) that has an active asychronous set or reset. This may cause corruption of the memory contents and/or read values when the set/reset is asserted and is not analyzed by the default static timing analysis. It is suggested to eliminate the use of a set/reset to registers driving this RAMB pin or else use a synchronous reset in which the assertion of the reset is timed by default.
Related violations: <none>

REQP-1840#4 Warning
RAMB18 async control check  
The RAMB18E1 system_top_i/rv_system/NutShell_0/inst/Cache/dataArray/ram/array/array_3_ext/ram_reg_0_7 has an input control pin system_top_i/rv_system/NutShell_0/inst/Cache/dataArray/ram/array/array_3_ext/ram_reg_0_7/ADDRARDADDR[11] (net: system_top_i/rv_system/NutShell_0/inst/Cache/dataArray/ram/array/array_3_ext/ADDRARDADDR[9]) which is driven by a register (system_top_i/axi_interconnect_0/s00_couplers/auto_cc/inst/gen_clock_conv.gen_async_conv.asyncfifo_axi/inst_fifo_gen/gaxi_full_lite.gwrite_ch.gwrch2.axi_wrch/grf.rf/gntv_or_sync_fifo.gl0.rd/gr1.gr1_int.rfwft/empty_fwft_i_reg) that has an active asychronous set or reset. This may cause corruption of the memory contents and/or read values when the set/reset is asserted and is not analyzed by the default static timing analysis. It is suggested to eliminate the use of a set/reset to registers driving this RAMB pin or else use a synchronous reset in which the assertion of the reset is timed by default.
Related violations: <none>

REQP-1840#5 Warning
RAMB18 async control check  
The RAMB18E1 system_top_i/rv_system/NutShell_0/inst/Cache/dataArray/ram/array/array_3_ext/ram_reg_0_7 has an input control pin system_top_i/rv_system/NutShell_0/inst/Cache/dataArray/ram/array/array_3_ext/ram_reg_0_7/ADDRARDADDR[12] (net: system_top_i/rv_system/NutShell_0/inst/Cache/dataArray/ram/array/array_3_ext/ADDRARDADDR[10]) which is driven by a register (system_top_i/axi_interconnect_0/s00_couplers/auto_cc/inst/gen_clock_conv.gen_async_conv.asyncfifo_axi/inst_fifo_gen/gaxi_full_lite.gread_ch.grdch2.axi_rdch/grf.rf/gntv_or_sync_fifo.gl0.rd/gr1.gr1_int.rfwft/empty_fwft_i_reg) that has an active asychronous set or reset. This may cause corruption of the memory contents and/or read values when the set/reset is asserted and is not analyzed by the default static timing analysis. It is suggested to eliminate the use of a set/reset to registers driving this RAMB pin or else use a synchronous reset in which the assertion of the reset is timed by default.
Related violations: <none>

REQP-1840#6 Warning
RAMB18 async control check  
The RAMB18E1 system_top_i/rv_system/NutShell_0/inst/Cache/dataArray/ram/array/array_3_ext/ram_reg_0_7 has an input control pin system_top_i/rv_system/NutShell_0/inst/Cache/dataArray/ram/array/array_3_ext/ram_reg_0_7/ADDRARDADDR[12] (net: system_top_i/rv_system/NutShell_0/inst/Cache/dataArray/ram/array/array_3_ext/ADDRARDADDR[10]) which is driven by a register (system_top_i/axi_interconnect_0/s00_couplers/auto_cc/inst/gen_clock_conv.gen_async_conv.asyncfifo_axi/inst_fifo_gen/gaxi_full_lite.gwrite_ch.gwrch2.axi_wrch/grf.rf/gntv_or_sync_fifo.gl0.rd/gr1.gr1_int.rfwft/empty_fwft_i_reg) that has an active asychronous set or reset. This may cause corruption of the memory contents and/or read values when the set/reset is asserted and is not analyzed by the default static timing analysis. It is suggested to eliminate the use of a set/reset to registers driving this RAMB pin or else use a synchronous reset in which the assertion of the reset is timed by default.
Related violations: <none>

REQP-1840#7 Warning
RAMB18 async control check  
The RAMB18E1 system_top_i/rv_system/NutShell_0/inst/Cache/dataArray/ram/array/array_3_ext/ram_reg_0_7 has an input control pin system_top_i/rv_system/NutShell_0/inst/Cache/dataArray/ram/array/array_3_ext/ram_reg_0_7/ADDRARDADDR[13] (net: system_top_i/rv_system/NutShell_0/inst/Cache/dataArray/ram/array/array_3_ext/ADDRARDADDR[11]) which is driven by a register (system_top_i/axi_interconnect_0/s00_couplers/auto_cc/inst/gen_clock_conv.gen_async_conv.asyncfifo_axi/inst_fifo_gen/gaxi_full_lite.gread_ch.grdch2.axi_rdch/grf.rf/gntv_or_sync_fifo.gl0.rd/gr1.gr1_int.rfwft/empty_fwft_i_reg) that has an active asychronous set or reset. This may cause corruption of the memory contents and/or read values when the set/reset is asserted and is not analyzed by the default static timing analysis. It is suggested to eliminate the use of a set/reset to registers driving this RAMB pin or else use a synchronous reset in which the assertion of the reset is timed by default.
Related violations: <none>

REQP-1840#8 Warning
RAMB18 async control check  
The RAMB18E1 system_top_i/rv_system/NutShell_0/inst/Cache/dataArray/ram/array/array_3_ext/ram_reg_0_7 has an input control pin system_top_i/rv_system/NutShell_0/inst/Cache/dataArray/ram/array/array_3_ext/ram_reg_0_7/ADDRARDADDR[13] (net: system_top_i/rv_system/NutShell_0/inst/Cache/dataArray/ram/array/array_3_ext/ADDRARDADDR[11]) which is driven by a register (system_top_i/axi_interconnect_0/s00_couplers/auto_cc/inst/gen_clock_conv.gen_async_conv.asyncfifo_axi/inst_fifo_gen/gaxi_full_lite.gwrite_ch.gwrch2.axi_wrch/grf.rf/gntv_or_sync_fifo.gl0.rd/gr1.gr1_int.rfwft/empty_fwft_i_reg) that has an active asychronous set or reset. This may cause corruption of the memory contents and/or read values when the set/reset is asserted and is not analyzed by the default static timing analysis. It is suggested to eliminate the use of a set/reset to registers driving this RAMB pin or else use a synchronous reset in which the assertion of the reset is timed by default.
Related violations: <none>

REQP-1840#9 Warning
RAMB18 async control check  
The RAMB18E1 system_top_i/rv_system/NutShell_0/inst/Cache/dataArray/ram/array/array_3_ext/ram_reg_0_7 has an input control pin system_top_i/rv_system/NutShell_0/inst/Cache/dataArray/ram/array/array_3_ext/ram_reg_0_7/ADDRARDADDR[4] (net: system_top_i/rv_system/NutShell_0/inst/Cache/dataArray/ram/array/array_3_ext/ADDRARDADDR[2]) which is driven by a register (system_top_i/axi_interconnect_0/s00_couplers/auto_cc/inst/gen_clock_conv.gen_async_conv.asyncfifo_axi/inst_fifo_gen/gaxi_full_lite.gread_ch.grdch2.axi_rdch/grf.rf/gntv_or_sync_fifo.gl0.rd/gr1.gr1_int.rfwft/empty_fwft_i_reg) that has an active asychronous set or reset. This may cause corruption of the memory contents and/or read values when the set/reset is asserted and is not analyzed by the default static timing analysis. It is suggested to eliminate the use of a set/reset to registers driving this RAMB pin or else use a synchronous reset in which the assertion of the reset is timed by default.
Related violations: <none>

REQP-1840#10 Warning
RAMB18 async control check  
The RAMB18E1 system_top_i/rv_system/NutShell_0/inst/Cache/dataArray/ram/array/array_3_ext/ram_reg_0_7 has an input control pin system_top_i/rv_system/NutShell_0/inst/Cache/dataArray/ram/array/array_3_ext/ram_reg_0_7/ADDRARDADDR[4] (net: system_top_i/rv_system/NutShell_0/inst/Cache/dataArray/ram/array/array_3_ext/ADDRARDADDR[2]) which is driven by a register (system_top_i/axi_interconnect_0/s00_couplers/auto_cc/inst/gen_clock_conv.gen_async_conv.asyncfifo_axi/inst_fifo_gen/gaxi_full_lite.gwrite_ch.gwrch2.axi_wrch/grf.rf/gntv_or_sync_fifo.gl0.rd/gr1.gr1_int.rfwft/empty_fwft_i_reg) that has an active asychronous set or reset. This may cause corruption of the memory contents and/or read values when the set/reset is asserted and is not analyzed by the default static timing analysis. It is suggested to eliminate the use of a set/reset to registers driving this RAMB pin or else use a synchronous reset in which the assertion of the reset is timed by default.
Related violations: <none>

REQP-1840#11 Warning
RAMB18 async control check  
The RAMB18E1 system_top_i/rv_system/NutShell_0/inst/Cache/dataArray/ram/array/array_3_ext/ram_reg_0_7 has an input control pin system_top_i/rv_system/NutShell_0/inst/Cache/dataArray/ram/array/array_3_ext/ram_reg_0_7/ADDRARDADDR[5] (net: system_top_i/rv_system/NutShell_0/inst/Cache/dataArray/ram/array/array_3_ext/ADDRARDADDR[3]) which is driven by a register (system_top_i/axi_interconnect_0/s00_couplers/auto_cc/inst/gen_clock_conv.gen_async_conv.asyncfifo_axi/inst_fifo_gen/gaxi_full_lite.gread_ch.grdch2.axi_rdch/grf.rf/gntv_or_sync_fifo.gl0.rd/gr1.gr1_int.rfwft/empty_fwft_i_reg) that has an active asychronous set or reset. This may cause corruption of the memory contents and/or read values when the set/reset is asserted and is not analyzed by the default static timing analysis. It is suggested to eliminate the use of a set/reset to registers driving this RAMB pin or else use a synchronous reset in which the assertion of the reset is timed by default.
Related violations: <none>

REQP-1840#12 Warning
RAMB18 async control check  
The RAMB18E1 system_top_i/rv_system/NutShell_0/inst/Cache/dataArray/ram/array/array_3_ext/ram_reg_0_7 has an input control pin system_top_i/rv_system/NutShell_0/inst/Cache/dataArray/ram/array/array_3_ext/ram_reg_0_7/ADDRARDADDR[5] (net: system_top_i/rv_system/NutShell_0/inst/Cache/dataArray/ram/array/array_3_ext/ADDRARDADDR[3]) which is driven by a register (system_top_i/axi_interconnect_0/s00_couplers/auto_cc/inst/gen_clock_conv.gen_async_conv.asyncfifo_axi/inst_fifo_gen/gaxi_full_lite.gwrite_ch.gwrch2.axi_wrch/grf.rf/gntv_or_sync_fifo.gl0.rd/gr1.gr1_int.rfwft/empty_fwft_i_reg) that has an active asychronous set or reset. This may cause corruption of the memory contents and/or read values when the set/reset is asserted and is not analyzed by the default static timing analysis. It is suggested to eliminate the use of a set/reset to registers driving this RAMB pin or else use a synchronous reset in which the assertion of the reset is timed by default.
Related violations: <none>

REQP-1840#13 Warning
RAMB18 async control check  
The RAMB18E1 system_top_i/rv_system/NutShell_0/inst/Cache/dataArray/ram/array/array_3_ext/ram_reg_0_7 has an input control pin system_top_i/rv_system/NutShell_0/inst/Cache/dataArray/ram/array/array_3_ext/ram_reg_0_7/ADDRARDADDR[6] (net: system_top_i/rv_system/NutShell_0/inst/Cache/dataArray/ram/array/array_3_ext/ADDRARDADDR[4]) which is driven by a register (system_top_i/axi_interconnect_0/s00_couplers/auto_cc/inst/gen_clock_conv.gen_async_conv.asyncfifo_axi/inst_fifo_gen/gaxi_full_lite.gread_ch.grdch2.axi_rdch/grf.rf/gntv_or_sync_fifo.gl0.rd/gr1.gr1_int.rfwft/empty_fwft_i_reg) that has an active asychronous set or reset. This may cause corruption of the memory contents and/or read values when the set/reset is asserted and is not analyzed by the default static timing analysis. It is suggested to eliminate the use of a set/reset to registers driving this RAMB pin or else use a synchronous reset in which the assertion of the reset is timed by default.
Related violations: <none>

REQP-1840#14 Warning
RAMB18 async control check  
The RAMB18E1 system_top_i/rv_system/NutShell_0/inst/Cache/dataArray/ram/array/array_3_ext/ram_reg_0_7 has an input control pin system_top_i/rv_system/NutShell_0/inst/Cache/dataArray/ram/array/array_3_ext/ram_reg_0_7/ADDRARDADDR[6] (net: system_top_i/rv_system/NutShell_0/inst/Cache/dataArray/ram/array/array_3_ext/ADDRARDADDR[4]) which is driven by a register (system_top_i/axi_interconnect_0/s00_couplers/auto_cc/inst/gen_clock_conv.gen_async_conv.asyncfifo_axi/inst_fifo_gen/gaxi_full_lite.gwrite_ch.gwrch2.axi_wrch/grf.rf/gntv_or_sync_fifo.gl0.rd/gr1.gr1_int.rfwft/empty_fwft_i_reg) that has an active asychronous set or reset. This may cause corruption of the memory contents and/or read values when the set/reset is asserted and is not analyzed by the default static timing analysis. It is suggested to eliminate the use of a set/reset to registers driving this RAMB pin or else use a synchronous reset in which the assertion of the reset is timed by default.
Related violations: <none>

REQP-1840#15 Warning
RAMB18 async control check  
The RAMB18E1 system_top_i/rv_system/NutShell_0/inst/Cache/dataArray/ram/array/array_3_ext/ram_reg_0_7 has an input control pin system_top_i/rv_system/NutShell_0/inst/Cache/dataArray/ram/array/array_3_ext/ram_reg_0_7/ADDRARDADDR[7] (net: system_top_i/rv_system/NutShell_0/inst/Cache/dataArray/ram/array/array_3_ext/ADDRARDADDR[5]) which is driven by a register (system_top_i/axi_interconnect_0/s00_couplers/auto_cc/inst/gen_clock_conv.gen_async_conv.asyncfifo_axi/inst_fifo_gen/gaxi_full_lite.gread_ch.grdch2.axi_rdch/grf.rf/gntv_or_sync_fifo.gl0.rd/gr1.gr1_int.rfwft/empty_fwft_i_reg) that has an active asychronous set or reset. This may cause corruption of the memory contents and/or read values when the set/reset is asserted and is not analyzed by the default static timing analysis. It is suggested to eliminate the use of a set/reset to registers driving this RAMB pin or else use a synchronous reset in which the assertion of the reset is timed by default.
Related violations: <none>

REQP-1840#16 Warning
RAMB18 async control check  
The RAMB18E1 system_top_i/rv_system/NutShell_0/inst/Cache/dataArray/ram/array/array_3_ext/ram_reg_0_7 has an input control pin system_top_i/rv_system/NutShell_0/inst/Cache/dataArray/ram/array/array_3_ext/ram_reg_0_7/ADDRARDADDR[7] (net: system_top_i/rv_system/NutShell_0/inst/Cache/dataArray/ram/array/array_3_ext/ADDRARDADDR[5]) which is driven by a register (system_top_i/axi_interconnect_0/s00_couplers/auto_cc/inst/gen_clock_conv.gen_async_conv.asyncfifo_axi/inst_fifo_gen/gaxi_full_lite.gwrite_ch.gwrch2.axi_wrch/grf.rf/gntv_or_sync_fifo.gl0.rd/gr1.gr1_int.rfwft/empty_fwft_i_reg) that has an active asychronous set or reset. This may cause corruption of the memory contents and/or read values when the set/reset is asserted and is not analyzed by the default static timing analysis. It is suggested to eliminate the use of a set/reset to registers driving this RAMB pin or else use a synchronous reset in which the assertion of the reset is timed by default.
Related violations: <none>

REQP-1840#17 Warning
RAMB18 async control check  
The RAMB18E1 system_top_i/rv_system/NutShell_0/inst/Cache/dataArray/ram/array/array_3_ext/ram_reg_0_7 has an input control pin system_top_i/rv_system/NutShell_0/inst/Cache/dataArray/ram/array/array_3_ext/ram_reg_0_7/ADDRARDADDR[8] (net: system_top_i/rv_system/NutShell_0/inst/Cache/dataArray/ram/array/array_3_ext/ADDRARDADDR[6]) which is driven by a register (system_top_i/axi_interconnect_0/s00_couplers/auto_cc/inst/gen_clock_conv.gen_async_conv.asyncfifo_axi/inst_fifo_gen/gaxi_full_lite.gread_ch.grdch2.axi_rdch/grf.rf/gntv_or_sync_fifo.gl0.rd/gr1.gr1_int.rfwft/empty_fwft_i_reg) that has an active asychronous set or reset. This may cause corruption of the memory contents and/or read values when the set/reset is asserted and is not analyzed by the default static timing analysis. It is suggested to eliminate the use of a set/reset to registers driving this RAMB pin or else use a synchronous reset in which the assertion of the reset is timed by default.
Related violations: <none>

REQP-1840#18 Warning
RAMB18 async control check  
The RAMB18E1 system_top_i/rv_system/NutShell_0/inst/Cache/dataArray/ram/array/array_3_ext/ram_reg_0_7 has an input control pin system_top_i/rv_system/NutShell_0/inst/Cache/dataArray/ram/array/array_3_ext/ram_reg_0_7/ADDRARDADDR[8] (net: system_top_i/rv_system/NutShell_0/inst/Cache/dataArray/ram/array/array_3_ext/ADDRARDADDR[6]) which is driven by a register (system_top_i/axi_interconnect_0/s00_couplers/auto_cc/inst/gen_clock_conv.gen_async_conv.asyncfifo_axi/inst_fifo_gen/gaxi_full_lite.gwrite_ch.gwrch2.axi_wrch/grf.rf/gntv_or_sync_fifo.gl0.rd/gr1.gr1_int.rfwft/empty_fwft_i_reg) that has an active asychronous set or reset. This may cause corruption of the memory contents and/or read values when the set/reset is asserted and is not analyzed by the default static timing analysis. It is suggested to eliminate the use of a set/reset to registers driving this RAMB pin or else use a synchronous reset in which the assertion of the reset is timed by default.
Related violations: <none>

REQP-1840#19 Warning
RAMB18 async control check  
The RAMB18E1 system_top_i/rv_system/NutShell_0/inst/Cache/dataArray/ram/array/array_3_ext/ram_reg_0_7 has an input control pin system_top_i/rv_system/NutShell_0/inst/Cache/dataArray/ram/array/array_3_ext/ram_reg_0_7/ADDRARDADDR[9] (net: system_top_i/rv_system/NutShell_0/inst/Cache/dataArray/ram/array/array_3_ext/ADDRARDADDR[7]) which is driven by a register (system_top_i/axi_interconnect_0/s00_couplers/auto_cc/inst/gen_clock_conv.gen_async_conv.asyncfifo_axi/inst_fifo_gen/gaxi_full_lite.gread_ch.grdch2.axi_rdch/grf.rf/gntv_or_sync_fifo.gl0.rd/gr1.gr1_int.rfwft/empty_fwft_i_reg) that has an active asychronous set or reset. This may cause corruption of the memory contents and/or read values when the set/reset is asserted and is not analyzed by the default static timing analysis. It is suggested to eliminate the use of a set/reset to registers driving this RAMB pin or else use a synchronous reset in which the assertion of the reset is timed by default.
Related violations: <none>

REQP-1840#20 Warning
RAMB18 async control check  
The RAMB18E1 system_top_i/rv_system/NutShell_0/inst/Cache/dataArray/ram/array/array_3_ext/ram_reg_0_7 has an input control pin system_top_i/rv_system/NutShell_0/inst/Cache/dataArray/ram/array/array_3_ext/ram_reg_0_7/ADDRARDADDR[9] (net: system_top_i/rv_system/NutShell_0/inst/Cache/dataArray/ram/array/array_3_ext/ADDRARDADDR[7]) which is driven by a register (system_top_i/axi_interconnect_0/s00_couplers/auto_cc/inst/gen_clock_conv.gen_async_conv.asyncfifo_axi/inst_fifo_gen/gaxi_full_lite.gwrite_ch.gwrch2.axi_wrch/grf.rf/gntv_or_sync_fifo.gl0.rd/gr1.gr1_int.rfwft/empty_fwft_i_reg) that has an active asychronous set or reset. This may cause corruption of the memory contents and/or read values when the set/reset is asserted and is not analyzed by the default static timing analysis. It is suggested to eliminate the use of a set/reset to registers driving this RAMB pin or else use a synchronous reset in which the assertion of the reset is timed by default.
Related violations: <none>

RTSTAT-10#1 Warning
No routable loads  
303 net(s) have no routable loads. The problem bus(es) and/or net(s) are dbg_hub/inst/BSCANID.u_xsdbm_id/CORE_XSDB.UUT_MASTER/U_ICON_INTERFACE/U_CMD6_RD/U_RD_FIFO/SUBCORE_FIFO.xsdbm_v3_0_0_rdfifo_inst/inst_fifo_gen/gconvfifo.rf/grf.rf/gntv_or_sync_fifo.gl0.rd/gr1.gr1_int.rfwft/aempty_fwft_i,
system_top_i/axi_interconnect_0/s00_couplers/auto_pc/inst/gen_axi4_axi3.axi3_conv_inst/USE_WRITE.write_addr_inst/USE_BURSTS.cmd_queue/inst/fifo_gen_inst/inst_fifo_gen/gconvfifo.rf/grf.rf/gntv_or_sync_fifo.gl0.rd/gr1.gr1_int.rfwft/aempty_fwft_i,
system_top_i/axi_interconnect_0/s00_couplers/auto_pc/inst/gen_axi4_axi3.axi3_conv_inst/USE_WRITE.write_addr_inst/USE_B_CHANNEL.cmd_b_queue/inst/fifo_gen_inst/inst_fifo_gen/gconvfifo.rf/grf.rf/gntv_or_sync_fifo.gl0.rd/gr1.gr1_int.rfwft/aempty_fwft_i,
system_top_i/axi_interconnect_1/m00_couplers/auto_ds/inst/gen_downsizer.gen_simple_downsizer.axi_downsizer_inst/USE_WRITE.write_addr_inst/USE_B_CHANNEL.cmd_b_queue/inst/fifo_gen_inst/inst_fifo_gen/gconvfifo.rf/grf.rf/gntv_or_sync_fifo.gl0.rd/gr1.gr1_int.rfwft/aempty_fwft_i,
system_top_i/axi_interconnect_1/m00_couplers/auto_ds/inst/gen_downsizer.gen_simple_downsizer.axi_downsizer_inst/USE_WRITE.write_addr_inst/cmd_queue/inst/fifo_gen_inst/inst_fifo_gen/gconvfifo.rf/grf.rf/gntv_or_sync_fifo.gl0.rd/gr1.gr1_int.rfwft/aempty_fwft_i,
system_top_i/axi_interconnect_1/m01_couplers/auto_cc/inst/gen_clock_conv.gen_async_conv.asyncfifo_axi/inst_fifo_gen/gaxi_full_lite.gread_ch.grach2.axi_rach/grf.rf/gntv_or_sync_fifo.gl0.rd/gr1.gr1_int.rfwft/aempty_fwft_i,
system_top_i/axi_interconnect_1/m01_couplers/auto_cc/inst/gen_clock_conv.gen_async_conv.asyncfifo_axi/inst_fifo_gen/gaxi_full_lite.gwrite_ch.gwach2.axi_wach/grf.rf/gntv_or_sync_fifo.gl0.rd/gr1.gr1_int.rfwft/aempty_fwft_i,
system_top_i/axi_interconnect_1/m01_couplers/auto_cc/inst/gen_clock_conv.gen_async_conv.asyncfifo_axi/inst_fifo_gen/gaxi_full_lite.gwrite_ch.gwdch2.axi_wdch/grf.rf/gntv_or_sync_fifo.gl0.rd/gr1.gr1_int.rfwft/aempty_fwft_i,
system_top_i/axi_interconnect_2/s00_couplers/auto_cc/inst/gen_clock_conv.gen_async_conv.asyncfifo_axi/inst_fifo_gen/gaxi_full_lite.gread_ch.grdch2.axi_rdch/grf.rf/gntv_or_sync_fifo.gl0.rd/gr1.gr1_int.rfwft/aempty_fwft_i,
system_top_i/axi_interconnect_2/s00_couplers/auto_cc/inst/gen_clock_conv.gen_async_conv.asyncfifo_axi/inst_fifo_gen/gaxi_full_lite.gwrite_ch.gwach2.axi_wach/grf.rf/gntv_or_sync_fifo.gl0.rd/gr1.gr1_int.rfwft/aempty_fwft_i,
system_top_i/axi_interconnect_2/s00_couplers/auto_ds/inst/gen_downsizer.gen_cascaded_downsizer.first_downsizer_inst/USE_READ.read_addr_inst/cmd_queue/inst/fifo_gen_inst/inst_fifo_gen/gconvfifo.rf/grf.rf/gntv_or_sync_fifo.gl0.rd/gr1.gr1_int.rfwft/aempty_fwft_i,
system_top_i/axi_interconnect_2/s00_couplers/auto_ds/inst/gen_downsizer.gen_cascaded_downsizer.first_downsizer_inst/USE_WRITE.write_addr_inst/USE_B_CHANNEL.cmd_b_queue/inst/fifo_gen_inst/inst_fifo_gen/gconvfifo.rf/grf.rf/gntv_or_sync_fifo.gl0.rd/gr1.gr1_int.rfwft/aempty_fwft_i,
system_top_i/axi_interconnect_2/s00_couplers/auto_ds/inst/gen_downsizer.gen_cascaded_downsizer.first_downsizer_inst/USE_WRITE.write_addr_inst/cmd_queue/inst/fifo_gen_inst/inst_fifo_gen/gconvfifo.rf/grf.rf/gntv_or_sync_fifo.gl0.rd/gr1.gr1_int.rfwft/aempty_fwft_i,
system_top_i/axi_interconnect_2/s00_couplers/auto_ds/inst/gen_downsizer.gen_cascaded_downsizer.gen_axi3_conv.axi3_conv_inst/gen_axi4_axi3.axi3_conv_inst/USE_WRITE.write_addr_inst/USE_BURSTS.cmd_queue/inst/fifo_gen_inst/inst_fifo_gen/gconvfifo.rf/grf.rf/gntv_or_sync_fifo.gl0.rd/gr1.gr1_int.rfwft/aempty_fwft_i,
system_top_i/axi_interconnect_2/s00_couplers/auto_ds/inst/gen_downsizer.gen_cascaded_downsizer.gen_axi3_conv.axi3_conv_inst/gen_axi4_axi3.axi3_conv_inst/USE_WRITE.write_addr_inst/USE_B_CHANNEL.cmd_b_queue/inst/fifo_gen_inst/inst_fifo_gen/gconvfifo.rf/grf.rf/gntv_or_sync_fifo.gl0.rd/gr1.gr1_int.rfwft/aempty_fwft_i
 (the first 15 of 189 listed).
Related violations: <none>


