
*** Running vivado
    with args -log system_top_auto_ds_1.vds -m64 -product Vivado -mode batch -messageDb vivado.pb -notrace -source system_top_auto_ds_1.tcl


****** Vivado v2020.2 (64-bit)
  **** SW Build 3064766 on Wed Nov 18 09:12:47 MST 2020
  **** IP Build 3064653 on Wed Nov 18 14:17:31 MST 2020
    ** Copyright 1986-2020 Xilinx, Inc. All Rights Reserved.

source system_top_auto_ds_1.tcl -notrace
Command: synth_design -top system_top_auto_ds_1 -part xc7z020clg400-1 -mode out_of_context
Starting synth_design
Attempting to get a license for feature 'Synthesis' and/or device 'xc7z020'
INFO: [Common 17-349] Got license for feature 'Synthesis' and/or device 'xc7z020'
INFO: [Device 21-403] Loading part xc7z020clg400-1
INFO: [Synth 8-7079] Multithreading enabled for synth_design using a maximum of 4 processes.
INFO: [Synth 8-7078] Launching helper process for spawning children vivado processes
INFO: [Synth 8-7075] Helper process launched with PID 82446
---------------------------------------------------------------------------------
Starting RTL Elaboration : Time (s): cpu = 00:00:11 ; elapsed = 00:00:30 . Memory (MB): peak = 2520.941 ; gain = 0.000 ; free physical = 399021 ; free virtual = 487175
---------------------------------------------------------------------------------
INFO: [Synth 8-6157] synthesizing module 'system_top_auto_ds_1' [/home/chenxuhao/NutShell/fpga/board/pynq/build/cxh-pynq/cxh-pynq.gen/sources_1/bd/system_top/ip/system_top_auto_ds_1/synth/system_top_auto_ds_1.v:58]
INFO: [Synth 8-6157] synthesizing module 'axi_dwidth_converter_v2_1_22_top' [/home/chenxuhao/NutShell/fpga/board/pynq/build/cxh-pynq/cxh-pynq.gen/sources_1/bd/system_top/ipshared/2394/hdl/axi_dwidth_converter_v2_1_vlsyn_rfs.v:14462]
	Parameter C_FAMILY bound to: zynq - type: string 
	Parameter C_AXI_PROTOCOL bound to: 0 - type: integer 
	Parameter C_S_AXI_ID_WIDTH bound to: 1 - type: integer 
	Parameter C_SUPPORTS_ID bound to: 1 - type: integer 
	Parameter C_AXI_ADDR_WIDTH bound to: 32 - type: integer 
	Parameter C_S_AXI_DATA_WIDTH bound to: 64 - type: integer 
	Parameter C_M_AXI_DATA_WIDTH bound to: 32 - type: integer 
	Parameter C_AXI_SUPPORTS_WRITE bound to: 1 - type: integer 
	Parameter C_AXI_SUPPORTS_READ bound to: 1 - type: integer 
	Parameter C_FIFO_MODE bound to: 0 - type: integer 
	Parameter C_S_AXI_ACLK_RATIO bound to: 1 - type: integer 
	Parameter C_M_AXI_ACLK_RATIO bound to: 2 - type: integer 
	Parameter C_AXI_IS_ACLK_ASYNC bound to: 0 - type: integer 
	Parameter C_MAX_SPLIT_BEATS bound to: 16 - type: integer 
	Parameter C_PACKING_LEVEL bound to: 1 - type: integer 
	Parameter C_SYNCHRONIZER_STAGE bound to: 3 - type: integer 
	Parameter C_S_AXI_BYTES_LOG bound to: 3 - type: integer 
	Parameter C_M_AXI_BYTES_LOG bound to: 2 - type: integer 
	Parameter C_RATIO bound to: 2 - type: integer 
	Parameter C_RATIO_LOG bound to: 1 - type: integer 
	Parameter P_AXI4 bound to: 0 - type: integer 
	Parameter P_AXI3 bound to: 1 - type: integer 
	Parameter P_AXILITE bound to: 2 - type: integer 
	Parameter P_CONVERSION bound to: 2 - type: integer 
	Parameter P_MAX_SPLIT_BEATS bound to: 16 - type: integer 
INFO: [Synth 8-6157] synthesizing module 'axi_protocol_converter_v2_1_22_axi_protocol_converter' [/home/chenxuhao/NutShell/fpga/board/pynq/build/cxh-pynq/cxh-pynq.gen/sources_1/bd/system_top/ipshared/5cee/hdl/axi_protocol_converter_v2_1_vl_rfs.v:4808]
	Parameter C_FAMILY bound to: zynq - type: string 
	Parameter C_M_AXI_PROTOCOL bound to: 1 - type: integer 
	Parameter C_S_AXI_PROTOCOL bound to: 0 - type: integer 
	Parameter C_IGNORE_ID bound to: 0 - type: integer 
	Parameter C_AXI_ID_WIDTH bound to: 1 - type: integer 
	Parameter C_AXI_ADDR_WIDTH bound to: 32 - type: integer 
	Parameter C_AXI_DATA_WIDTH bound to: 32 - type: integer 
	Parameter C_AXI_SUPPORTS_WRITE bound to: 1 - type: integer 
	Parameter C_AXI_SUPPORTS_READ bound to: 1 - type: integer 
	Parameter C_AXI_SUPPORTS_USER_SIGNALS bound to: 0 - type: integer 
	Parameter C_AXI_AWUSER_WIDTH bound to: 1 - type: integer 
	Parameter C_AXI_ARUSER_WIDTH bound to: 1 - type: integer 
	Parameter C_AXI_WUSER_WIDTH bound to: 1 - type: integer 
	Parameter C_AXI_RUSER_WIDTH bound to: 1 - type: integer 
	Parameter C_AXI_BUSER_WIDTH bound to: 1 - type: integer 
	Parameter C_TRANSLATION_MODE bound to: 2 - type: integer 
	Parameter P_AXI4 bound to: 0 - type: integer 
	Parameter P_AXI3 bound to: 1 - type: integer 
	Parameter P_AXILITE bound to: 2 - type: integer 
	Parameter P_AXILITE_SIZE bound to: 3'b010 
	Parameter P_INCR bound to: 2'b01 
	Parameter P_DECERR bound to: 2'b11 
	Parameter P_SLVERR bound to: 2'b10 
	Parameter P_PROTECTION bound to: 1 - type: integer 
	Parameter P_CONVERSION bound to: 2 - type: integer 
INFO: [Synth 8-6157] synthesizing module 'axi_protocol_converter_v2_1_22_axi3_conv' [/home/chenxuhao/NutShell/fpga/board/pynq/build/cxh-pynq/cxh-pynq.gen/sources_1/bd/system_top/ipshared/5cee/hdl/axi_protocol_converter_v2_1_vl_rfs.v:954]
	Parameter C_FAMILY bound to: zynq - type: string 
	Parameter C_AXI_ID_WIDTH bound to: 1 - type: integer 
	Parameter C_AXI_ADDR_WIDTH bound to: 32 - type: integer 
	Parameter C_AXI_DATA_WIDTH bound to: 32 - type: integer 
	Parameter C_AXI_SUPPORTS_USER_SIGNALS bound to: 0 - type: integer 
	Parameter C_AXI_AWUSER_WIDTH bound to: 1 - type: integer 
	Parameter C_AXI_ARUSER_WIDTH bound to: 1 - type: integer 
	Parameter C_AXI_WUSER_WIDTH bound to: 1 - type: integer 
	Parameter C_AXI_RUSER_WIDTH bound to: 1 - type: integer 
	Parameter C_AXI_BUSER_WIDTH bound to: 1 - type: integer 
	Parameter C_AXI_SUPPORTS_WRITE bound to: 1 - type: integer 
	Parameter C_AXI_SUPPORTS_READ bound to: 1 - type: integer 
	Parameter C_SUPPORT_SPLITTING bound to: 1 - type: integer 
	Parameter C_SUPPORT_BURSTS bound to: 1 - type: integer 
	Parameter C_SINGLE_THREAD bound to: 1 - type: integer 
INFO: [Synth 8-6157] synthesizing module 'axi_protocol_converter_v2_1_22_b_downsizer' [/home/chenxuhao/NutShell/fpga/board/pynq/build/cxh-pynq/cxh-pynq.gen/sources_1/bd/system_top/ipshared/5cee/hdl/axi_protocol_converter_v2_1_vl_rfs.v:2276]
	Parameter C_FAMILY bound to: zynq - type: string 
	Parameter C_AXI_ID_WIDTH bound to: 1 - type: integer 
	Parameter C_AXI_SUPPORTS_USER_SIGNALS bound to: 0 - type: integer 
	Parameter C_AXI_BUSER_WIDTH bound to: 1 - type: integer 
	Parameter C_RESP_OKAY bound to: 2'b00 
	Parameter C_RESP_EXOKAY bound to: 2'b01 
	Parameter C_RESP_SLVERROR bound to: 2'b10 
	Parameter C_RESP_DECERR bound to: 2'b11 
INFO: [Synth 8-6155] done synthesizing module 'axi_protocol_converter_v2_1_22_b_downsizer' (1#1) [/home/chenxuhao/NutShell/fpga/board/pynq/build/cxh-pynq/cxh-pynq.gen/sources_1/bd/system_top/ipshared/5cee/hdl/axi_protocol_converter_v2_1_vl_rfs.v:2276]
INFO: [Synth 8-6157] synthesizing module 'axi_protocol_converter_v2_1_22_a_axi3_conv' [/home/chenxuhao/NutShell/fpga/board/pynq/build/cxh-pynq/cxh-pynq.gen/sources_1/bd/system_top/ipshared/5cee/hdl/axi_protocol_converter_v2_1_vl_rfs.v:62]
	Parameter C_FAMILY bound to: zynq - type: string 
	Parameter C_AXI_ID_WIDTH bound to: 1 - type: integer 
	Parameter C_AXI_ADDR_WIDTH bound to: 32 - type: integer 
	Parameter C_AXI_DATA_WIDTH bound to: 32 - type: integer 
	Parameter C_AXI_SUPPORTS_USER_SIGNALS bound to: 0 - type: integer 
	Parameter C_AXI_AUSER_WIDTH bound to: 1 - type: integer 
	Parameter C_AXI_CHANNEL bound to: 0 - type: integer 
	Parameter C_SUPPORT_SPLITTING bound to: 1 - type: integer 
	Parameter C_SUPPORT_BURSTS bound to: 1 - type: integer 
	Parameter C_SINGLE_THREAD bound to: 1 - type: integer 
	Parameter C_FIX_BURST bound to: 2'b00 
	Parameter C_INCR_BURST bound to: 2'b01 
	Parameter C_WRAP_BURST bound to: 2'b10 
	Parameter C_FIFO_DEPTH_LOG bound to: 5 - type: integer 
	Parameter C_SIZE_MASK bound to: 40'b1111111111111111111111111111111100000000 
INFO: [Synth 8-6157] synthesizing module 'axi_data_fifo_v2_1_21_axic_fifo' [/home/chenxuhao/NutShell/fpga/board/pynq/build/cxh-pynq/cxh-pynq.gen/sources_1/bd/system_top/ipshared/54c0/hdl/axi_data_fifo_v2_1_vl_rfs.v:64]
	Parameter C_FAMILY bound to: zynq - type: string 
	Parameter C_FIFO_DEPTH_LOG bound to: 5 - type: integer 
	Parameter C_FIFO_WIDTH bound to: 5 - type: integer 
	Parameter C_FIFO_TYPE bound to: lut - type: string 
INFO: [Synth 8-6157] synthesizing module 'axi_data_fifo_v2_1_21_fifo_gen' [/home/chenxuhao/NutShell/fpga/board/pynq/build/cxh-pynq/cxh-pynq.gen/sources_1/bd/system_top/ipshared/54c0/hdl/axi_data_fifo_v2_1_vl_rfs.v:168]
	Parameter C_FAMILY bound to: zynq - type: string 
	Parameter C_COMMON_CLOCK bound to: 1 - type: integer 
	Parameter C_SYNCHRONIZER_STAGE bound to: 3 - type: integer 
	Parameter C_FIFO_DEPTH_LOG bound to: 5 - type: integer 
	Parameter C_FIFO_WIDTH bound to: 5 - type: integer 
	Parameter C_FIFO_TYPE bound to: lut - type: string 
	Parameter C_MEMORY_TYPE bound to: 2 - type: integer 
	Parameter C_IMPLEMENTATION_TYPE bound to: 0 - type: integer 
INFO: [Synth 8-6157] synthesizing module 'xpm_cdc_async_rst' [/tools/Xilinx/Vivado/2020.2/data/ip/xpm/xpm_cdc/hdl/xpm_cdc.sv:1175]
INFO: [Synth 8-6155] done synthesizing module 'xpm_cdc_async_rst' (2#1) [/tools/Xilinx/Vivado/2020.2/data/ip/xpm/xpm_cdc/hdl/xpm_cdc.sv:1175]
INFO: [Synth 8-6155] done synthesizing module 'axi_data_fifo_v2_1_21_fifo_gen' (20#1) [/home/chenxuhao/NutShell/fpga/board/pynq/build/cxh-pynq/cxh-pynq.gen/sources_1/bd/system_top/ipshared/54c0/hdl/axi_data_fifo_v2_1_vl_rfs.v:168]
INFO: [Synth 8-6155] done synthesizing module 'axi_data_fifo_v2_1_21_axic_fifo' (21#1) [/home/chenxuhao/NutShell/fpga/board/pynq/build/cxh-pynq/cxh-pynq.gen/sources_1/bd/system_top/ipshared/54c0/hdl/axi_data_fifo_v2_1_vl_rfs.v:64]
INFO: [Synth 8-6155] done synthesizing module 'axi_protocol_converter_v2_1_22_a_axi3_conv' (22#1) [/home/chenxuhao/NutShell/fpga/board/pynq/build/cxh-pynq/cxh-pynq.gen/sources_1/bd/system_top/ipshared/5cee/hdl/axi_protocol_converter_v2_1_vl_rfs.v:62]
INFO: [Synth 8-6157] synthesizing module 'axi_protocol_converter_v2_1_22_w_axi3_conv' [/home/chenxuhao/NutShell/fpga/board/pynq/build/cxh-pynq/cxh-pynq.gen/sources_1/bd/system_top/ipshared/5cee/hdl/axi_protocol_converter_v2_1_vl_rfs.v:2004]
	Parameter C_FAMILY bound to: zynq - type: string 
	Parameter C_AXI_ID_WIDTH bound to: 1 - type: integer 
	Parameter C_AXI_ADDR_WIDTH bound to: 32 - type: integer 
	Parameter C_AXI_DATA_WIDTH bound to: 32 - type: integer 
	Parameter C_AXI_SUPPORTS_USER_SIGNALS bound to: 0 - type: integer 
	Parameter C_AXI_WUSER_WIDTH bound to: 1 - type: integer 
	Parameter C_SUPPORT_SPLITTING bound to: 1 - type: integer 
	Parameter C_SUPPORT_BURSTS bound to: 1 - type: integer 
INFO: [Synth 8-6155] done synthesizing module 'axi_protocol_converter_v2_1_22_w_axi3_conv' (23#1) [/home/chenxuhao/NutShell/fpga/board/pynq/build/cxh-pynq/cxh-pynq.gen/sources_1/bd/system_top/ipshared/5cee/hdl/axi_protocol_converter_v2_1_vl_rfs.v:2004]
INFO: [Synth 8-6157] synthesizing module 'axi_protocol_converter_v2_1_22_a_axi3_conv__parameterized0' [/home/chenxuhao/NutShell/fpga/board/pynq/build/cxh-pynq/cxh-pynq.gen/sources_1/bd/system_top/ipshared/5cee/hdl/axi_protocol_converter_v2_1_vl_rfs.v:62]
	Parameter C_FAMILY bound to: zynq - type: string 
	Parameter C_AXI_ID_WIDTH bound to: 1 - type: integer 
	Parameter C_AXI_ADDR_WIDTH bound to: 32 - type: integer 
	Parameter C_AXI_DATA_WIDTH bound to: 32 - type: integer 
	Parameter C_AXI_SUPPORTS_USER_SIGNALS bound to: 0 - type: integer 
	Parameter C_AXI_AUSER_WIDTH bound to: 1 - type: integer 
	Parameter C_AXI_CHANNEL bound to: 1 - type: integer 
	Parameter C_SUPPORT_SPLITTING bound to: 1 - type: integer 
	Parameter C_SUPPORT_BURSTS bound to: 1 - type: integer 
	Parameter C_SINGLE_THREAD bound to: 1 - type: integer 
	Parameter C_FIX_BURST bound to: 2'b00 
	Parameter C_INCR_BURST bound to: 2'b01 
	Parameter C_WRAP_BURST bound to: 2'b10 
	Parameter C_FIFO_DEPTH_LOG bound to: 5 - type: integer 
	Parameter C_SIZE_MASK bound to: 40'b1111111111111111111111111111111100000000 
INFO: [Synth 8-6157] synthesizing module 'axi_data_fifo_v2_1_21_axic_fifo__parameterized0' [/home/chenxuhao/NutShell/fpga/board/pynq/build/cxh-pynq/cxh-pynq.gen/sources_1/bd/system_top/ipshared/54c0/hdl/axi_data_fifo_v2_1_vl_rfs.v:64]
	Parameter C_FAMILY bound to: zynq - type: string 
	Parameter C_FIFO_DEPTH_LOG bound to: 5 - type: integer 
	Parameter C_FIFO_WIDTH bound to: 1 - type: integer 
	Parameter C_FIFO_TYPE bound to: lut - type: string 
INFO: [Synth 8-6157] synthesizing module 'axi_data_fifo_v2_1_21_fifo_gen__parameterized0' [/home/chenxuhao/NutShell/fpga/board/pynq/build/cxh-pynq/cxh-pynq.gen/sources_1/bd/system_top/ipshared/54c0/hdl/axi_data_fifo_v2_1_vl_rfs.v:168]
	Parameter C_FAMILY bound to: zynq - type: string 
	Parameter C_COMMON_CLOCK bound to: 1 - type: integer 
	Parameter C_SYNCHRONIZER_STAGE bound to: 3 - type: integer 
	Parameter C_FIFO_DEPTH_LOG bound to: 5 - type: integer 
	Parameter C_FIFO_WIDTH bound to: 1 - type: integer 
	Parameter C_FIFO_TYPE bound to: lut - type: string 
	Parameter C_MEMORY_TYPE bound to: 2 - type: integer 
	Parameter C_IMPLEMENTATION_TYPE bound to: 0 - type: integer 
INFO: [Synth 8-6155] done synthesizing module 'axi_data_fifo_v2_1_21_fifo_gen__parameterized0' (23#1) [/home/chenxuhao/NutShell/fpga/board/pynq/build/cxh-pynq/cxh-pynq.gen/sources_1/bd/system_top/ipshared/54c0/hdl/axi_data_fifo_v2_1_vl_rfs.v:168]
INFO: [Synth 8-6155] done synthesizing module 'axi_data_fifo_v2_1_21_axic_fifo__parameterized0' (23#1) [/home/chenxuhao/NutShell/fpga/board/pynq/build/cxh-pynq/cxh-pynq.gen/sources_1/bd/system_top/ipshared/54c0/hdl/axi_data_fifo_v2_1_vl_rfs.v:64]
INFO: [Synth 8-6155] done synthesizing module 'axi_protocol_converter_v2_1_22_a_axi3_conv__parameterized0' (23#1) [/home/chenxuhao/NutShell/fpga/board/pynq/build/cxh-pynq/cxh-pynq.gen/sources_1/bd/system_top/ipshared/5cee/hdl/axi_protocol_converter_v2_1_vl_rfs.v:62]
INFO: [Synth 8-6157] synthesizing module 'axi_protocol_converter_v2_1_22_r_axi3_conv' [/home/chenxuhao/NutShell/fpga/board/pynq/build/cxh-pynq/cxh-pynq.gen/sources_1/bd/system_top/ipshared/5cee/hdl/axi_protocol_converter_v2_1_vl_rfs.v:1789]
	Parameter C_FAMILY bound to: zynq - type: string 
	Parameter C_AXI_ID_WIDTH bound to: 1 - type: integer 
	Parameter C_AXI_ADDR_WIDTH bound to: 32 - type: integer 
	Parameter C_AXI_DATA_WIDTH bound to: 32 - type: integer 
	Parameter C_AXI_SUPPORTS_USER_SIGNALS bound to: 0 - type: integer 
	Parameter C_AXI_RUSER_WIDTH bound to: 1 - type: integer 
	Parameter C_SUPPORT_SPLITTING bound to: 1 - type: integer 
	Parameter C_SUPPORT_BURSTS bound to: 1 - type: integer 
	Parameter C_RESP_OKAY bound to: 2'b00 
	Parameter C_RESP_EXOKAY bound to: 2'b01 
	Parameter C_RESP_SLVERROR bound to: 2'b10 
	Parameter C_RESP_DECERR bound to: 2'b11 
INFO: [Synth 8-6155] done synthesizing module 'axi_protocol_converter_v2_1_22_r_axi3_conv' (24#1) [/home/chenxuhao/NutShell/fpga/board/pynq/build/cxh-pynq/cxh-pynq.gen/sources_1/bd/system_top/ipshared/5cee/hdl/axi_protocol_converter_v2_1_vl_rfs.v:1789]
INFO: [Synth 8-6155] done synthesizing module 'axi_protocol_converter_v2_1_22_axi3_conv' (25#1) [/home/chenxuhao/NutShell/fpga/board/pynq/build/cxh-pynq/cxh-pynq.gen/sources_1/bd/system_top/ipshared/5cee/hdl/axi_protocol_converter_v2_1_vl_rfs.v:954]
INFO: [Synth 8-6155] done synthesizing module 'axi_protocol_converter_v2_1_22_axi_protocol_converter' (26#1) [/home/chenxuhao/NutShell/fpga/board/pynq/build/cxh-pynq/cxh-pynq.gen/sources_1/bd/system_top/ipshared/5cee/hdl/axi_protocol_converter_v2_1_vl_rfs.v:4808]
INFO: [Synth 8-6157] synthesizing module 'axi_dwidth_converter_v2_1_22_axi_downsizer' [/home/chenxuhao/NutShell/fpga/board/pynq/build/cxh-pynq/cxh-pynq.gen/sources_1/bd/system_top/ipshared/2394/hdl/axi_dwidth_converter_v2_1_vlsyn_rfs.v:2380]
	Parameter C_FAMILY bound to: zynq - type: string 
	Parameter C_AXI_PROTOCOL bound to: 0 - type: integer 
	Parameter C_S_AXI_ID_WIDTH bound to: 1 - type: integer 
	Parameter C_SUPPORTS_ID bound to: 1 - type: integer 
	Parameter C_AXI_ADDR_WIDTH bound to: 32 - type: integer 
	Parameter C_S_AXI_DATA_WIDTH bound to: 64 - type: integer 
	Parameter C_M_AXI_DATA_WIDTH bound to: 32 - type: integer 
	Parameter C_AXI_SUPPORTS_WRITE bound to: 1 - type: integer 
	Parameter C_AXI_SUPPORTS_READ bound to: 1 - type: integer 
	Parameter C_MAX_SPLIT_BEATS bound to: 256 - type: integer 
	Parameter C_S_AXI_BYTES_LOG bound to: 3 - type: integer 
	Parameter C_M_AXI_BYTES_LOG bound to: 2 - type: integer 
	Parameter C_RATIO bound to: 2 - type: integer 
	Parameter C_RATIO_LOG bound to: 1 - type: integer 
	Parameter P_AXI_ADDR_WIDTH bound to: 32 - type: integer 
	Parameter P_AXI4 bound to: 0 - type: integer 
	Parameter P_AXI3 bound to: 1 - type: integer 
	Parameter P_AXILITE bound to: 2 - type: integer 
	Parameter P_MAX_SPLIT_BEATS bound to: 256 - type: integer 
	Parameter P_MAX_SPLIT_BEATS_LOG bound to: 8 - type: integer 
INFO: [Synth 8-6157] synthesizing module 'axi_dwidth_converter_v2_1_22_b_downsizer' [/home/chenxuhao/NutShell/fpga/board/pynq/build/cxh-pynq/cxh-pynq.gen/sources_1/bd/system_top/ipshared/2394/hdl/axi_dwidth_converter_v2_1_vlsyn_rfs.v:1251]
	Parameter C_FAMILY bound to: zynq - type: string 
	Parameter C_AXI_ID_WIDTH bound to: 1 - type: integer 
	Parameter C_RESP_OKAY bound to: 2'b00 
	Parameter C_RESP_EXOKAY bound to: 2'b01 
	Parameter C_RESP_SLVERROR bound to: 2'b10 
	Parameter C_RESP_DECERR bound to: 2'b11 
INFO: [Synth 8-6155] done synthesizing module 'axi_dwidth_converter_v2_1_22_b_downsizer' (27#1) [/home/chenxuhao/NutShell/fpga/board/pynq/build/cxh-pynq/cxh-pynq.gen/sources_1/bd/system_top/ipshared/2394/hdl/axi_dwidth_converter_v2_1_vlsyn_rfs.v:1251]
INFO: [Synth 8-6157] synthesizing module 'axi_dwidth_converter_v2_1_22_a_downsizer' [/home/chenxuhao/NutShell/fpga/board/pynq/build/cxh-pynq/cxh-pynq.gen/sources_1/bd/system_top/ipshared/2394/hdl/axi_dwidth_converter_v2_1_vlsyn_rfs.v:64]
	Parameter C_FAMILY bound to: zynq - type: string 
	Parameter C_AXI_PROTOCOL bound to: 0 - type: integer 
	Parameter C_AXI_ID_WIDTH bound to: 1 - type: integer 
	Parameter C_SUPPORTS_ID bound to: 1 - type: integer 
	Parameter C_AXI_ADDR_WIDTH bound to: 32 - type: integer 
	Parameter C_S_AXI_DATA_WIDTH bound to: 64 - type: integer 
	Parameter C_M_AXI_DATA_WIDTH bound to: 32 - type: integer 
	Parameter C_AXI_CHANNEL bound to: 0 - type: integer 
	Parameter C_MAX_SPLIT_BEATS bound to: 256 - type: integer 
	Parameter C_MAX_SPLIT_BEATS_LOG bound to: 8 - type: integer 
	Parameter C_S_AXI_BYTES_LOG bound to: 3 - type: integer 
	Parameter C_M_AXI_BYTES_LOG bound to: 2 - type: integer 
	Parameter C_RATIO_LOG bound to: 1 - type: integer 
	Parameter C_S_AXI_NATIVE_SIZE bound to: 3'b011 
	Parameter C_M_AXI_NATIVE_SIZE bound to: 3'b010 
	Parameter C_DOUBLE_LEN bound to: 40'b0000000000000000000000000000000011111111 
	Parameter C_FIX_BURST bound to: 2'b00 
	Parameter C_INCR_BURST bound to: 2'b01 
	Parameter C_WRAP_BURST bound to: 2'b10 
	Parameter C_FIFO_DEPTH_LOG bound to: 5 - type: integer 
INFO: [Synth 8-6157] synthesizing module 'axi_data_fifo_v2_1_21_axic_fifo__parameterized1' [/home/chenxuhao/NutShell/fpga/board/pynq/build/cxh-pynq/cxh-pynq.gen/sources_1/bd/system_top/ipshared/54c0/hdl/axi_data_fifo_v2_1_vl_rfs.v:64]
	Parameter C_FAMILY bound to: zynq - type: string 
	Parameter C_FIFO_DEPTH_LOG bound to: 5 - type: integer 
	Parameter C_FIFO_WIDTH bound to: 9 - type: integer 
	Parameter C_FIFO_TYPE bound to: lut - type: string 
INFO: [Synth 8-6157] synthesizing module 'axi_data_fifo_v2_1_21_fifo_gen__parameterized1' [/home/chenxuhao/NutShell/fpga/board/pynq/build/cxh-pynq/cxh-pynq.gen/sources_1/bd/system_top/ipshared/54c0/hdl/axi_data_fifo_v2_1_vl_rfs.v:168]
	Parameter C_FAMILY bound to: zynq - type: string 
	Parameter C_COMMON_CLOCK bound to: 1 - type: integer 
	Parameter C_SYNCHRONIZER_STAGE bound to: 3 - type: integer 
	Parameter C_FIFO_DEPTH_LOG bound to: 5 - type: integer 
	Parameter C_FIFO_WIDTH bound to: 9 - type: integer 
	Parameter C_FIFO_TYPE bound to: lut - type: string 
	Parameter C_MEMORY_TYPE bound to: 2 - type: integer 
	Parameter C_IMPLEMENTATION_TYPE bound to: 0 - type: integer 
INFO: [Synth 8-6155] done synthesizing module 'axi_data_fifo_v2_1_21_fifo_gen__parameterized1' (27#1) [/home/chenxuhao/NutShell/fpga/board/pynq/build/cxh-pynq/cxh-pynq.gen/sources_1/bd/system_top/ipshared/54c0/hdl/axi_data_fifo_v2_1_vl_rfs.v:168]
INFO: [Synth 8-6155] done synthesizing module 'axi_data_fifo_v2_1_21_axic_fifo__parameterized1' (27#1) [/home/chenxuhao/NutShell/fpga/board/pynq/build/cxh-pynq/cxh-pynq.gen/sources_1/bd/system_top/ipshared/54c0/hdl/axi_data_fifo_v2_1_vl_rfs.v:64]
INFO: [Synth 8-6157] synthesizing module 'axi_data_fifo_v2_1_21_axic_fifo__parameterized2' [/home/chenxuhao/NutShell/fpga/board/pynq/build/cxh-pynq/cxh-pynq.gen/sources_1/bd/system_top/ipshared/54c0/hdl/axi_data_fifo_v2_1_vl_rfs.v:64]
	Parameter C_FAMILY bound to: zynq - type: string 
	Parameter C_FIFO_DEPTH_LOG bound to: 5 - type: integer 
	Parameter C_FIFO_WIDTH bound to: 26 - type: integer 
	Parameter C_FIFO_TYPE bound to: lut - type: string 
INFO: [Synth 8-6157] synthesizing module 'axi_data_fifo_v2_1_21_fifo_gen__parameterized2' [/home/chenxuhao/NutShell/fpga/board/pynq/build/cxh-pynq/cxh-pynq.gen/sources_1/bd/system_top/ipshared/54c0/hdl/axi_data_fifo_v2_1_vl_rfs.v:168]
	Parameter C_FAMILY bound to: zynq - type: string 
	Parameter C_COMMON_CLOCK bound to: 1 - type: integer 
	Parameter C_SYNCHRONIZER_STAGE bound to: 3 - type: integer 
	Parameter C_FIFO_DEPTH_LOG bound to: 5 - type: integer 
	Parameter C_FIFO_WIDTH bound to: 26 - type: integer 
	Parameter C_FIFO_TYPE bound to: lut - type: string 
	Parameter C_MEMORY_TYPE bound to: 2 - type: integer 
	Parameter C_IMPLEMENTATION_TYPE bound to: 0 - type: integer 
INFO: [Synth 8-6155] done synthesizing module 'axi_data_fifo_v2_1_21_fifo_gen__parameterized2' (27#1) [/home/chenxuhao/NutShell/fpga/board/pynq/build/cxh-pynq/cxh-pynq.gen/sources_1/bd/system_top/ipshared/54c0/hdl/axi_data_fifo_v2_1_vl_rfs.v:168]
INFO: [Synth 8-6155] done synthesizing module 'axi_data_fifo_v2_1_21_axic_fifo__parameterized2' (27#1) [/home/chenxuhao/NutShell/fpga/board/pynq/build/cxh-pynq/cxh-pynq.gen/sources_1/bd/system_top/ipshared/54c0/hdl/axi_data_fifo_v2_1_vl_rfs.v:64]
INFO: [Synth 8-6155] done synthesizing module 'axi_dwidth_converter_v2_1_22_a_downsizer' (28#1) [/home/chenxuhao/NutShell/fpga/board/pynq/build/cxh-pynq/cxh-pynq.gen/sources_1/bd/system_top/ipshared/2394/hdl/axi_dwidth_converter_v2_1_vlsyn_rfs.v:64]
INFO: [Synth 8-6157] synthesizing module 'axi_dwidth_converter_v2_1_22_w_downsizer' [/home/chenxuhao/NutShell/fpga/board/pynq/build/cxh-pynq/cxh-pynq.gen/sources_1/bd/system_top/ipshared/2394/hdl/axi_dwidth_converter_v2_1_vlsyn_rfs.v:2016]
	Parameter C_FAMILY bound to: zynq - type: string 
	Parameter C_S_AXI_DATA_WIDTH bound to: 64 - type: integer 
	Parameter C_M_AXI_DATA_WIDTH bound to: 32 - type: integer 
	Parameter C_S_AXI_BYTES_LOG bound to: 3 - type: integer 
	Parameter C_M_AXI_BYTES_LOG bound to: 2 - type: integer 
	Parameter C_RATIO_LOG bound to: 1 - type: integer 
	Parameter C_DOUBLE_LEN bound to: 24'b000000000000000011111111 
INFO: [Synth 8-6155] done synthesizing module 'axi_dwidth_converter_v2_1_22_w_downsizer' (29#1) [/home/chenxuhao/NutShell/fpga/board/pynq/build/cxh-pynq/cxh-pynq.gen/sources_1/bd/system_top/ipshared/2394/hdl/axi_dwidth_converter_v2_1_vlsyn_rfs.v:2016]
INFO: [Synth 8-6157] synthesizing module 'axi_dwidth_converter_v2_1_22_a_downsizer__parameterized0' [/home/chenxuhao/NutShell/fpga/board/pynq/build/cxh-pynq/cxh-pynq.gen/sources_1/bd/system_top/ipshared/2394/hdl/axi_dwidth_converter_v2_1_vlsyn_rfs.v:64]
	Parameter C_FAMILY bound to: zynq - type: string 
	Parameter C_AXI_PROTOCOL bound to: 0 - type: integer 
	Parameter C_AXI_ID_WIDTH bound to: 1 - type: integer 
	Parameter C_SUPPORTS_ID bound to: 1 - type: integer 
	Parameter C_AXI_ADDR_WIDTH bound to: 32 - type: integer 
	Parameter C_S_AXI_DATA_WIDTH bound to: 64 - type: integer 
	Parameter C_M_AXI_DATA_WIDTH bound to: 32 - type: integer 
	Parameter C_AXI_CHANNEL bound to: 1 - type: integer 
	Parameter C_MAX_SPLIT_BEATS bound to: 256 - type: integer 
	Parameter C_MAX_SPLIT_BEATS_LOG bound to: 8 - type: integer 
	Parameter C_S_AXI_BYTES_LOG bound to: 3 - type: integer 
	Parameter C_M_AXI_BYTES_LOG bound to: 2 - type: integer 
	Parameter C_RATIO_LOG bound to: 1 - type: integer 
	Parameter C_S_AXI_NATIVE_SIZE bound to: 3'b011 
	Parameter C_M_AXI_NATIVE_SIZE bound to: 3'b010 
	Parameter C_DOUBLE_LEN bound to: 40'b0000000000000000000000000000000011111111 
	Parameter C_FIX_BURST bound to: 2'b00 
	Parameter C_INCR_BURST bound to: 2'b01 
	Parameter C_WRAP_BURST bound to: 2'b10 
	Parameter C_FIFO_DEPTH_LOG bound to: 5 - type: integer 
INFO: [Synth 8-6155] done synthesizing module 'axi_dwidth_converter_v2_1_22_a_downsizer__parameterized0' (29#1) [/home/chenxuhao/NutShell/fpga/board/pynq/build/cxh-pynq/cxh-pynq.gen/sources_1/bd/system_top/ipshared/2394/hdl/axi_dwidth_converter_v2_1_vlsyn_rfs.v:64]
INFO: [Synth 8-6157] synthesizing module 'axi_dwidth_converter_v2_1_22_r_downsizer' [/home/chenxuhao/NutShell/fpga/board/pynq/build/cxh-pynq/cxh-pynq.gen/sources_1/bd/system_top/ipshared/2394/hdl/axi_dwidth_converter_v2_1_vlsyn_rfs.v:1533]
	Parameter C_FAMILY bound to: zynq - type: string 
	Parameter C_AXI_ID_WIDTH bound to: 1 - type: integer 
	Parameter C_S_AXI_DATA_WIDTH bound to: 64 - type: integer 
	Parameter C_M_AXI_DATA_WIDTH bound to: 32 - type: integer 
	Parameter C_S_AXI_BYTES_LOG bound to: 3 - type: integer 
	Parameter C_M_AXI_BYTES_LOG bound to: 2 - type: integer 
	Parameter C_RATIO_LOG bound to: 1 - type: integer 
	Parameter C_RESP_OKAY bound to: 2'b00 
	Parameter C_RESP_EXOKAY bound to: 2'b01 
	Parameter C_RESP_SLVERROR bound to: 2'b10 
	Parameter C_RESP_DECERR bound to: 2'b11 
	Parameter C_DOUBLE_LEN bound to: 24'b000000000000000011111111 
INFO: [Synth 8-6155] done synthesizing module 'axi_dwidth_converter_v2_1_22_r_downsizer' (30#1) [/home/chenxuhao/NutShell/fpga/board/pynq/build/cxh-pynq/cxh-pynq.gen/sources_1/bd/system_top/ipshared/2394/hdl/axi_dwidth_converter_v2_1_vlsyn_rfs.v:1533]
INFO: [Synth 8-6155] done synthesizing module 'axi_dwidth_converter_v2_1_22_axi_downsizer' (31#1) [/home/chenxuhao/NutShell/fpga/board/pynq/build/cxh-pynq/cxh-pynq.gen/sources_1/bd/system_top/ipshared/2394/hdl/axi_dwidth_converter_v2_1_vlsyn_rfs.v:2380]
INFO: [Synth 8-6155] done synthesizing module 'axi_dwidth_converter_v2_1_22_top' (32#1) [/home/chenxuhao/NutShell/fpga/board/pynq/build/cxh-pynq/cxh-pynq.gen/sources_1/bd/system_top/ipshared/2394/hdl/axi_dwidth_converter_v2_1_vlsyn_rfs.v:14462]
INFO: [Synth 8-6155] done synthesizing module 'system_top_auto_ds_1' (33#1) [/home/chenxuhao/NutShell/fpga/board/pynq/build/cxh-pynq/cxh-pynq.gen/sources_1/bd/system_top/ip/system_top_auto_ds_1/synth/system_top_auto_ds_1.v:58]
---------------------------------------------------------------------------------
Finished RTL Elaboration : Time (s): cpu = 00:00:20 ; elapsed = 00:00:56 . Memory (MB): peak = 2623.820 ; gain = 102.879 ; free physical = 404945 ; free virtual = 493106
---------------------------------------------------------------------------------
---------------------------------------------------------------------------------
Start Handling Custom Attributes
---------------------------------------------------------------------------------
---------------------------------------------------------------------------------
Finished Handling Custom Attributes : Time (s): cpu = 00:00:21 ; elapsed = 00:00:57 . Memory (MB): peak = 2638.660 ; gain = 117.719 ; free physical = 404781 ; free virtual = 492942
---------------------------------------------------------------------------------
---------------------------------------------------------------------------------
Finished RTL Optimization Phase 1 : Time (s): cpu = 00:00:21 ; elapsed = 00:00:57 . Memory (MB): peak = 2638.660 ; gain = 117.719 ; free physical = 404779 ; free virtual = 492940
---------------------------------------------------------------------------------
Netlist sorting complete. Time (s): cpu = 00:00:00.09 ; elapsed = 00:00:00.08 . Memory (MB): peak = 2641.629 ; gain = 0.000 ; free physical = 404963 ; free virtual = 493124
INFO: [Project 1-570] Preparing netlist for logic optimization

Processing XDC Constraints
Initializing timing engine
Parsing XDC File [/home/chenxuhao/NutShell/fpga/board/pynq/build/cxh-pynq/cxh-pynq.gen/sources_1/bd/system_top/ip/system_top_auto_ds_1/system_top_auto_ds_1_ooc.xdc] for cell 'inst'
Finished Parsing XDC File [/home/chenxuhao/NutShell/fpga/board/pynq/build/cxh-pynq/cxh-pynq.gen/sources_1/bd/system_top/ip/system_top_auto_ds_1/system_top_auto_ds_1_ooc.xdc] for cell 'inst'
Parsing XDC File [/home/chenxuhao/NutShell/fpga/board/pynq/build/cxh-pynq/cxh-pynq.runs/system_top_auto_ds_1_synth_1/dont_touch.xdc]
Finished Parsing XDC File [/home/chenxuhao/NutShell/fpga/board/pynq/build/cxh-pynq/cxh-pynq.runs/system_top_auto_ds_1_synth_1/dont_touch.xdc]
INFO: [Project 1-1715] 1 XPM XDC files have been applied to the design.
Completed Processing XDC Constraints

Netlist sorting complete. Time (s): cpu = 00:00:00 ; elapsed = 00:00:00 . Memory (MB): peak = 2778.473 ; gain = 0.000 ; free physical = 404886 ; free virtual = 493051
INFO: [Project 1-111] Unisim Transformation Summary:
No Unisim elements were transformed.

Constraint Validation Runtime : Time (s): cpu = 00:00:00.14 ; elapsed = 00:00:00.08 . Memory (MB): peak = 2778.473 ; gain = 0.000 ; free physical = 404872 ; free virtual = 493037
---------------------------------------------------------------------------------
Finished Constraint Validation : Time (s): cpu = 00:00:29 ; elapsed = 00:01:06 . Memory (MB): peak = 2778.473 ; gain = 257.531 ; free physical = 404936 ; free virtual = 493151
---------------------------------------------------------------------------------
---------------------------------------------------------------------------------
Start Loading Part and Timing Information
---------------------------------------------------------------------------------
Loading part: xc7z020clg400-1
---------------------------------------------------------------------------------
Finished Loading Part and Timing Information : Time (s): cpu = 00:00:29 ; elapsed = 00:01:06 . Memory (MB): peak = 2778.473 ; gain = 257.531 ; free physical = 404938 ; free virtual = 493153
---------------------------------------------------------------------------------
---------------------------------------------------------------------------------
Start Applying 'set_property' XDC Constraints
---------------------------------------------------------------------------------
Applied set_property KEEP_HIERARCHY = SOFT for inst. (constraint file  /home/chenxuhao/NutShell/fpga/board/pynq/build/cxh-pynq/cxh-pynq.runs/system_top_auto_ds_1_synth_1/dont_touch.xdc, line 9).
Applied set_property KEEP_HIERARCHY = SOFT for inst/\gen_downsizer.gen_cascaded_downsizer.gen_axi3_conv.axi3_conv_inst /\gen_axi4_axi3.axi3_conv_inst /\USE_WRITE.write_addr_inst /\USE_BURSTS.cmd_queue /inst/fifo_gen_inst/inst_fifo_gen/\gconvfifo.rf /\grf.rf /rstblk/\ngwrdrst.grst.g7serrst.gnsckt_wrst.rst_wr_reg2_inst . (constraint file  auto generated constraint).
Applied set_property KEEP_HIERARCHY = SOFT for inst/\gen_downsizer.gen_cascaded_downsizer.gen_axi3_conv.axi3_conv_inst /\gen_axi4_axi3.axi3_conv_inst /\USE_WRITE.write_addr_inst /\USE_B_CHANNEL.cmd_b_queue /inst/fifo_gen_inst/inst_fifo_gen/\gconvfifo.rf /\grf.rf /rstblk/\ngwrdrst.grst.g7serrst.gnsckt_wrst.rst_wr_reg2_inst . (constraint file  auto generated constraint).
Applied set_property KEEP_HIERARCHY = SOFT for inst/\gen_downsizer.gen_cascaded_downsizer.gen_axi3_conv.axi3_conv_inst /\gen_axi4_axi3.axi3_conv_inst /\USE_READ.USE_SPLIT_R.read_addr_inst /\USE_R_CHANNEL.cmd_queue /inst/fifo_gen_inst/inst_fifo_gen/\gconvfifo.rf /\grf.rf /rstblk/\ngwrdrst.grst.g7serrst.gnsckt_wrst.rst_wr_reg2_inst . (constraint file  auto generated constraint).
Applied set_property KEEP_HIERARCHY = SOFT for inst/\gen_downsizer.gen_cascaded_downsizer.first_downsizer_inst /\USE_WRITE.write_addr_inst /\USE_B_CHANNEL.cmd_b_queue /inst/fifo_gen_inst/inst_fifo_gen/\gconvfifo.rf /\grf.rf /rstblk/\ngwrdrst.grst.g7serrst.gnsckt_wrst.rst_wr_reg2_inst . (constraint file  auto generated constraint).
Applied set_property KEEP_HIERARCHY = SOFT for inst/\gen_downsizer.gen_cascaded_downsizer.first_downsizer_inst /\USE_WRITE.write_addr_inst /cmd_queue/inst/fifo_gen_inst/inst_fifo_gen/\gconvfifo.rf /\grf.rf /rstblk/\ngwrdrst.grst.g7serrst.gnsckt_wrst.rst_wr_reg2_inst . (constraint file  auto generated constraint).
Applied set_property KEEP_HIERARCHY = SOFT for inst/\gen_downsizer.gen_cascaded_downsizer.first_downsizer_inst /\USE_READ.read_addr_inst /cmd_queue/inst/fifo_gen_inst/inst_fifo_gen/\gconvfifo.rf /\grf.rf /rstblk/\ngwrdrst.grst.g7serrst.gnsckt_wrst.rst_wr_reg2_inst . (constraint file  auto generated constraint).
---------------------------------------------------------------------------------
Finished applying 'set_property' XDC Constraints : Time (s): cpu = 00:00:29 ; elapsed = 00:01:06 . Memory (MB): peak = 2778.473 ; gain = 257.531 ; free physical = 404920 ; free virtual = 493136
---------------------------------------------------------------------------------
INFO: [Synth 8-802] inferred FSM for state register 'gpregsm1.curr_fwft_state_reg' in module 'rd_fwft'
INFO: [Synth 8-6159] Found Keep on FSM register 'gpregsm1.curr_fwft_state_reg' in module 'rd_fwft', re-encoding will not be performed
---------------------------------------------------------------------------------------------------
                   State |                     New Encoding |                Previous Encoding 
---------------------------------------------------------------------------------------------------
                 invalid |                               00 |                               00
            stage1_valid |                               10 |                               10
       both_stages_valid |                               11 |                               11
            stage2_valid |                               01 |                               01
---------------------------------------------------------------------------------------------------
---------------------------------------------------------------------------------
Finished RTL Optimization Phase 2 : Time (s): cpu = 00:00:31 ; elapsed = 00:01:09 . Memory (MB): peak = 2778.473 ; gain = 257.531 ; free physical = 404847 ; free virtual = 493065
---------------------------------------------------------------------------------
---------------------------------------------------------------------------------
Start RTL Component Statistics 
---------------------------------------------------------------------------------
Detailed RTL Component Info : 
+---Adders : 
	   2 Input   32 Bit       Adders := 4     
	   2 Input    8 Bit       Adders := 8     
	   3 Input    8 Bit       Adders := 2     
	   2 Input    6 Bit       Adders := 5     
	   2 Input    5 Bit       Adders := 14    
	   2 Input    4 Bit       Adders := 3     
	   2 Input    3 Bit       Adders := 4     
+---XORs : 
	   2 Input      1 Bit         XORs := 120   
+---Registers : 
	               32 Bit    Registers := 16    
	               26 Bit    Registers := 4     
	               16 Bit    Registers := 2     
	               12 Bit    Registers := 2     
	               11 Bit    Registers := 2     
	                9 Bit    Registers := 2     
	                8 Bit    Registers := 16    
	                7 Bit    Registers := 2     
	                6 Bit    Registers := 5     
	                5 Bit    Registers := 30    
	                4 Bit    Registers := 21    
	                3 Bit    Registers := 14    
	                2 Bit    Registers := 21    
	                1 Bit    Registers := 125   
+---Muxes : 
	   8 Input   32 Bit        Muxes := 4     
	   2 Input   32 Bit        Muxes := 9     
	   3 Input   16 Bit        Muxes := 2     
	   2 Input   16 Bit        Muxes := 2     
	   8 Input   12 Bit        Muxes := 2     
	   2 Input   11 Bit        Muxes := 2     
	   2 Input    8 Bit        Muxes := 13    
	   8 Input    7 Bit        Muxes := 2     
	   8 Input    5 Bit        Muxes := 2     
	   2 Input    4 Bit        Muxes := 4     
	   2 Input    3 Bit        Muxes := 6     
	   8 Input    3 Bit        Muxes := 4     
	   2 Input    2 Bit        Muxes := 83    
	   4 Input    2 Bit        Muxes := 6     
	   5 Input    2 Bit        Muxes := 6     
	   3 Input    2 Bit        Muxes := 2     
	   3 Input    1 Bit        Muxes := 6     
	   2 Input    1 Bit        Muxes := 54    
	   4 Input    1 Bit        Muxes := 13    
---------------------------------------------------------------------------------
Finished RTL Component Statistics 
---------------------------------------------------------------------------------
---------------------------------------------------------------------------------
Start Part Resource Summary
---------------------------------------------------------------------------------
Part Resources:
DSPs: 220 (col length:60)
BRAMs: 280 (col length: RAMB18 60 RAMB36 30)
---------------------------------------------------------------------------------
Finished Part Resource Summary
---------------------------------------------------------------------------------
---------------------------------------------------------------------------------
Start Cross Boundary and Area Optimization
---------------------------------------------------------------------------------
---------------------------------------------------------------------------------
Finished Cross Boundary and Area Optimization : Time (s): cpu = 00:00:38 ; elapsed = 00:01:16 . Memory (MB): peak = 2778.473 ; gain = 257.531 ; free physical = 404745 ; free virtual = 492963
---------------------------------------------------------------------------------
---------------------------------------------------------------------------------
Start ROM, RAM, DSP, Shift Register and Retiming Reporting
---------------------------------------------------------------------------------

Distributed RAM: Preliminary Mapping	Report (see note below)
+-------------------------------------------------------------------------------------------------------------------------------------------------------------------------------------+-------------------------------------------------------------------------------+----------------+----------------------+---------------+
|Module Name                                                                                                                                                                          | RTL Object                                                                    | Inference      | Size (Depth x Width) | Primitives    | 
+-------------------------------------------------------------------------------------------------------------------------------------------------------------------------------------+-------------------------------------------------------------------------------+----------------+----------------------+---------------+
|inst/\gen_downsizer.gen_cascaded_downsizer.gen_axi3_conv.axi3_conv_inst/gen_axi4_axi3.axi3_conv_inst/USE_WRITE.write_addr_inst/USE_BURSTS.cmd_queue/inst/fifo_gen_inst               | inst_fifo_gen/gconvfifo.rf/grf.rf/gntv_or_sync_fifo.mem/gdm.dm_gen.dm/RAM_reg | User Attribute | 32 x 5               | RAM32M x 1	   | 
|inst/\gen_downsizer.gen_cascaded_downsizer.gen_axi3_conv.axi3_conv_inst/gen_axi4_axi3.axi3_conv_inst/USE_WRITE.write_addr_inst/USE_B_CHANNEL.cmd_b_queue/inst/fifo_gen_inst          | inst_fifo_gen/gconvfifo.rf/grf.rf/gntv_or_sync_fifo.mem/gdm.dm_gen.dm/RAM_reg | User Attribute | 32 x 5               | RAM32M x 1	   | 
|inst/\gen_downsizer.gen_cascaded_downsizer.gen_axi3_conv.axi3_conv_inst/gen_axi4_axi3.axi3_conv_inst/USE_READ.USE_SPLIT_R.read_addr_inst/USE_R_CHANNEL.cmd_queue/inst/fifo_gen_inst  | inst_fifo_gen/gconvfifo.rf/grf.rf/gntv_or_sync_fifo.mem/gdm.dm_gen.dm/RAM_reg | User Attribute | 32 x 1               | RAM32X1D x 1	 | 
|inst/\gen_downsizer.gen_cascaded_downsizer.first_downsizer_inst/USE_WRITE.write_addr_inst/USE_B_CHANNEL.cmd_b_queue/inst/fifo_gen_inst                                               | inst_fifo_gen/gconvfifo.rf/grf.rf/gntv_or_sync_fifo.mem/gdm.dm_gen.dm/RAM_reg | User Attribute | 32 x 9               | RAM32M x 2	   | 
|inst/\gen_downsizer.gen_cascaded_downsizer.first_downsizer_inst/USE_WRITE.write_addr_inst/cmd_queue/inst/fifo_gen_inst                                                               | inst_fifo_gen/gconvfifo.rf/grf.rf/gntv_or_sync_fifo.mem/gdm.dm_gen.dm/RAM_reg | User Attribute | 32 x 26              | RAM32M x 5	   | 
|inst/\gen_downsizer.gen_cascaded_downsizer.first_downsizer_inst/USE_READ.read_addr_inst/cmd_queue/inst/fifo_gen_inst                                                                 | inst_fifo_gen/gconvfifo.rf/grf.rf/gntv_or_sync_fifo.mem/gdm.dm_gen.dm/RAM_reg | User Attribute | 32 x 26              | RAM32M x 5	   | 
+-------------------------------------------------------------------------------------------------------------------------------------------------------------------------------------+-------------------------------------------------------------------------------+----------------+----------------------+---------------+

Note: The table above is a preliminary report that shows the Distributed RAMs at the current stage of the synthesis flow. Some Distributed RAMs may be reimplemented as non Distributed RAM primitives later in the synthesis flow. Multiple instantiated RAMs are reported only once.
---------------------------------------------------------------------------------
Finished ROM, RAM, DSP, Shift Register and Retiming Reporting
---------------------------------------------------------------------------------
---------------------------------------------------------------------------------
Start Applying XDC Timing Constraints
---------------------------------------------------------------------------------
---------------------------------------------------------------------------------
Finished Applying XDC Timing Constraints : Time (s): cpu = 00:00:45 ; elapsed = 00:01:23 . Memory (MB): peak = 2778.473 ; gain = 257.531 ; free physical = 407383 ; free virtual = 495593
---------------------------------------------------------------------------------
---------------------------------------------------------------------------------
Start Timing Optimization
---------------------------------------------------------------------------------
---------------------------------------------------------------------------------
Finished Timing Optimization : Time (s): cpu = 00:00:48 ; elapsed = 00:01:27 . Memory (MB): peak = 2778.473 ; gain = 257.531 ; free physical = 409308 ; free virtual = 497501
---------------------------------------------------------------------------------
---------------------------------------------------------------------------------
Start ROM, RAM, DSP, Shift Register and Retiming Reporting
---------------------------------------------------------------------------------

Distributed RAM: Final Mapping	Report
+-------------------------------------------------------------------------------------------------------------------------------------------------------------------------------------+-------------------------------------------------------------------------------+----------------+----------------------+---------------+
|Module Name                                                                                                                                                                          | RTL Object                                                                    | Inference      | Size (Depth x Width) | Primitives    | 
+-------------------------------------------------------------------------------------------------------------------------------------------------------------------------------------+-------------------------------------------------------------------------------+----------------+----------------------+---------------+
|inst/\gen_downsizer.gen_cascaded_downsizer.gen_axi3_conv.axi3_conv_inst/gen_axi4_axi3.axi3_conv_inst/USE_WRITE.write_addr_inst/USE_BURSTS.cmd_queue/inst/fifo_gen_inst               | inst_fifo_gen/gconvfifo.rf/grf.rf/gntv_or_sync_fifo.mem/gdm.dm_gen.dm/RAM_reg | User Attribute | 32 x 5               | RAM32M x 1	   | 
|inst/\gen_downsizer.gen_cascaded_downsizer.gen_axi3_conv.axi3_conv_inst/gen_axi4_axi3.axi3_conv_inst/USE_WRITE.write_addr_inst/USE_B_CHANNEL.cmd_b_queue/inst/fifo_gen_inst          | inst_fifo_gen/gconvfifo.rf/grf.rf/gntv_or_sync_fifo.mem/gdm.dm_gen.dm/RAM_reg | User Attribute | 32 x 5               | RAM32M x 1	   | 
|inst/\gen_downsizer.gen_cascaded_downsizer.gen_axi3_conv.axi3_conv_inst/gen_axi4_axi3.axi3_conv_inst/USE_READ.USE_SPLIT_R.read_addr_inst/USE_R_CHANNEL.cmd_queue/inst/fifo_gen_inst  | inst_fifo_gen/gconvfifo.rf/grf.rf/gntv_or_sync_fifo.mem/gdm.dm_gen.dm/RAM_reg | User Attribute | 32 x 1               | RAM32X1D x 1	 | 
|inst/\gen_downsizer.gen_cascaded_downsizer.first_downsizer_inst/USE_WRITE.write_addr_inst/USE_B_CHANNEL.cmd_b_queue/inst/fifo_gen_inst                                               | inst_fifo_gen/gconvfifo.rf/grf.rf/gntv_or_sync_fifo.mem/gdm.dm_gen.dm/RAM_reg | User Attribute | 32 x 9               | RAM32M x 2	   | 
|inst/\gen_downsizer.gen_cascaded_downsizer.first_downsizer_inst/USE_WRITE.write_addr_inst/cmd_queue/inst/fifo_gen_inst                                                               | inst_fifo_gen/gconvfifo.rf/grf.rf/gntv_or_sync_fifo.mem/gdm.dm_gen.dm/RAM_reg | User Attribute | 32 x 26              | RAM32M x 5	   | 
|inst/\gen_downsizer.gen_cascaded_downsizer.first_downsizer_inst/USE_READ.read_addr_inst/cmd_queue/inst/fifo_gen_inst                                                                 | inst_fifo_gen/gconvfifo.rf/grf.rf/gntv_or_sync_fifo.mem/gdm.dm_gen.dm/RAM_reg | User Attribute | 32 x 26              | RAM32M x 5	   | 
+-------------------------------------------------------------------------------------------------------------------------------------------------------------------------------------+-------------------------------------------------------------------------------+----------------+----------------------+---------------+

---------------------------------------------------------------------------------
Finished ROM, RAM, DSP, Shift Register and Retiming Reporting
---------------------------------------------------------------------------------
---------------------------------------------------------------------------------
Start Technology Mapping
---------------------------------------------------------------------------------
---------------------------------------------------------------------------------
Finished Technology Mapping : Time (s): cpu = 00:00:50 ; elapsed = 00:01:28 . Memory (MB): peak = 2778.473 ; gain = 257.531 ; free physical = 409310 ; free virtual = 497503
---------------------------------------------------------------------------------
---------------------------------------------------------------------------------
Start IO Insertion
---------------------------------------------------------------------------------
---------------------------------------------------------------------------------
Start Flattening Before IO Insertion
---------------------------------------------------------------------------------
---------------------------------------------------------------------------------
Finished Flattening Before IO Insertion
---------------------------------------------------------------------------------
---------------------------------------------------------------------------------
Start Final Netlist Cleanup
---------------------------------------------------------------------------------
---------------------------------------------------------------------------------
Finished Final Netlist Cleanup
---------------------------------------------------------------------------------
---------------------------------------------------------------------------------
Finished IO Insertion : Time (s): cpu = 00:00:53 ; elapsed = 00:01:32 . Memory (MB): peak = 2778.473 ; gain = 257.531 ; free physical = 410296 ; free virtual = 498490
---------------------------------------------------------------------------------
---------------------------------------------------------------------------------
Start Renaming Generated Instances
---------------------------------------------------------------------------------
---------------------------------------------------------------------------------
Finished Renaming Generated Instances : Time (s): cpu = 00:00:53 ; elapsed = 00:01:32 . Memory (MB): peak = 2778.473 ; gain = 257.531 ; free physical = 410301 ; free virtual = 498495
---------------------------------------------------------------------------------
---------------------------------------------------------------------------------
Start Rebuilding User Hierarchy
---------------------------------------------------------------------------------
---------------------------------------------------------------------------------
Finished Rebuilding User Hierarchy : Time (s): cpu = 00:00:53 ; elapsed = 00:01:32 . Memory (MB): peak = 2778.473 ; gain = 257.531 ; free physical = 410645 ; free virtual = 498839
---------------------------------------------------------------------------------
---------------------------------------------------------------------------------
Start Renaming Generated Ports
---------------------------------------------------------------------------------
---------------------------------------------------------------------------------
Finished Renaming Generated Ports : Time (s): cpu = 00:00:53 ; elapsed = 00:01:32 . Memory (MB): peak = 2778.473 ; gain = 257.531 ; free physical = 410751 ; free virtual = 498944
---------------------------------------------------------------------------------
---------------------------------------------------------------------------------
Start Handling Custom Attributes
---------------------------------------------------------------------------------
---------------------------------------------------------------------------------
Finished Handling Custom Attributes : Time (s): cpu = 00:00:53 ; elapsed = 00:01:32 . Memory (MB): peak = 2778.473 ; gain = 257.531 ; free physical = 411435 ; free virtual = 499628
---------------------------------------------------------------------------------
---------------------------------------------------------------------------------
Start Renaming Generated Nets
---------------------------------------------------------------------------------
---------------------------------------------------------------------------------
Finished Renaming Generated Nets : Time (s): cpu = 00:00:53 ; elapsed = 00:01:32 . Memory (MB): peak = 2778.473 ; gain = 257.531 ; free physical = 411491 ; free virtual = 499684
---------------------------------------------------------------------------------
---------------------------------------------------------------------------------
Start Writing Synthesis Report
---------------------------------------------------------------------------------

Report BlackBoxes: 
+-+--------------+----------+
| |BlackBox name |Instances |
+-+--------------+----------+
+-+--------------+----------+

Report Cell Usage: 
+------+---------+------+
|      |Cell     |Count |
+------+---------+------+
|1     |CARRY4   |    34|
|2     |LUT1     |    90|
|3     |LUT2     |   183|
|4     |LUT3     |   147|
|5     |LUT4     |   218|
|6     |LUT5     |   280|
|7     |LUT6     |   393|
|8     |RAM32M   |    14|
|9     |RAM32X1D |     1|
|10    |FDCE     |   138|
|11    |FDPE     |    66|
|12    |FDRE     |   904|
|13    |FDSE     |     7|
+------+---------+------+
---------------------------------------------------------------------------------
Finished Writing Synthesis Report : Time (s): cpu = 00:00:53 ; elapsed = 00:01:32 . Memory (MB): peak = 2778.473 ; gain = 257.531 ; free physical = 411508 ; free virtual = 499702
---------------------------------------------------------------------------------
Synthesis finished with 0 errors, 0 critical warnings and 0 warnings.
Synthesis Optimization Runtime : Time (s): cpu = 00:00:50 ; elapsed = 00:01:29 . Memory (MB): peak = 2778.473 ; gain = 117.719 ; free physical = 412301 ; free virtual = 500495
Synthesis Optimization Complete : Time (s): cpu = 00:00:53 ; elapsed = 00:01:32 . Memory (MB): peak = 2778.473 ; gain = 257.531 ; free physical = 412301 ; free virtual = 500495
INFO: [Project 1-571] Translating synthesized netlist
Netlist sorting complete. Time (s): cpu = 00:00:00.05 ; elapsed = 00:00:00.05 . Memory (MB): peak = 2778.473 ; gain = 0.000 ; free physical = 412507 ; free virtual = 500701
INFO: [Netlist 29-17] Analyzing 49 Unisim elements for replacement
INFO: [Netlist 29-28] Unisim Transformation completed in 0 CPU seconds
INFO: [Project 1-570] Preparing netlist for logic optimization
INFO: [Opt 31-138] Pushed 0 inverter(s) to 0 load pin(s).
Netlist sorting complete. Time (s): cpu = 00:00:00 ; elapsed = 00:00:00 . Memory (MB): peak = 2778.473 ; gain = 0.000 ; free physical = 414170 ; free virtual = 502364
INFO: [Project 1-111] Unisim Transformation Summary:
  A total of 15 instances were transformed.
  RAM32M => RAM32M (RAMD32(x6), RAMS32(x2)): 14 instances
  RAM32X1D => RAM32X1D (RAMD32(x2)): 1 instance 

INFO: [Common 17-83] Releasing license: Synthesis
65 Infos, 0 Warnings, 0 Critical Warnings and 0 Errors encountered.
synth_design completed successfully
synth_design: Time (s): cpu = 00:01:06 ; elapsed = 00:01:39 . Memory (MB): peak = 2778.473 ; gain = 257.656 ; free physical = 416425 ; free virtual = 504619
INFO: [Common 17-1381] The checkpoint '/home/chenxuhao/NutShell/fpga/board/pynq/build/cxh-pynq/cxh-pynq.runs/system_top_auto_ds_1_synth_1/system_top_auto_ds_1.dcp' has been generated.
WARNING: [Common 17-576] 'use_project_ipc' is deprecated. This option is deprecated and no longer used.
INFO: [Coretcl 2-1648] Added synthesis output to IP cache for IP system_top_auto_ds_1, cache-ID = 55e622e58f0bc482
INFO: [Coretcl 2-1174] Renamed 115 cell refs.
INFO: [Common 17-1381] The checkpoint '/home/chenxuhao/NutShell/fpga/board/pynq/build/cxh-pynq/cxh-pynq.runs/system_top_auto_ds_1_synth_1/system_top_auto_ds_1.dcp' has been generated.
INFO: [runtcl-4] Executing : report_utilization -file system_top_auto_ds_1_utilization_synth.rpt -pb system_top_auto_ds_1_utilization_synth.pb
INFO: [Common 17-206] Exiting Vivado at Sun May 15 02:04:43 2022...
